{"D:\\HACKTIVE8\\Phase2\\week3\\Body-Architect\\server\\app.js": {"path":"D:\\HACKTIVE8\\Phase2\\week3\\Body-Architect\\server\\app.js","statementMap":{"0":{"start":{"line":1,"column":0},"end":{"line":3,"column":1}},"1":{"start":{"line":2,"column":2},"end":{"line":2,"column":29}},"2":{"start":{"line":5,"column":16},"end":{"line":5,"column":34}},"3":{"start":{"line":6,"column":12},"end":{"line":6,"column":21}},"4":{"start":{"line":7,"column":13},"end":{"line":7,"column":28}},"5":{"start":{"line":8,"column":13},"end":{"line":8,"column":37}},"6":{"start":{"line":10,"column":24},"end":{"line":10,"column":63}},"7":{"start":{"line":11,"column":21},"end":{"line":11,"column":57}},"8":{"start":{"line":12,"column":23},"end":{"line":12,"column":61}},"9":{"start":{"line":13,"column":22},"end":{"line":13,"column":59}},"10":{"start":{"line":14,"column":19},"end":{"line":14,"column":53}},"11":{"start":{"line":15,"column":23},"end":{"line":15,"column":62}},"12":{"start":{"line":16,"column":23},"end":{"line":16,"column":62}},"13":{"start":{"line":19,"column":0},"end":{"line":19,"column":16}},"14":{"start":{"line":20,"column":0},"end":{"line":20,"column":49}},"15":{"start":{"line":21,"column":0},"end":{"line":21,"column":24}},"16":{"start":{"line":22,"column":0},"end":{"line":22,"column":25}},"17":{"start":{"line":35,"column":0},"end":{"line":35,"column":37}},"18":{"start":{"line":36,"column":0},"end":{"line":36,"column":47}},"19":{"start":{"line":37,"column":0},"end":{"line":37,"column":41}},"20":{"start":{"line":38,"column":0},"end":{"line":38,"column":54}},"21":{"start":{"line":41,"column":0},"end":{"line":41,"column":24}},"22":{"start":{"line":44,"column":0},"end":{"line":44,"column":51}},"23":{"start":{"line":45,"column":0},"end":{"line":45,"column":47}},"24":{"start":{"line":46,"column":0},"end":{"line":46,"column":50}},"25":{"start":{"line":49,"column":0},"end":{"line":49,"column":52}},"26":{"start":{"line":50,"column":0},"end":{"line":50,"column":64}},"27":{"start":{"line":51,"column":0},"end":{"line":51,"column":52}},"28":{"start":{"line":52,"column":0},"end":{"line":52,"column":55}},"29":{"start":{"line":53,"column":0},"end":{"line":53,"column":58}},"30":{"start":{"line":54,"column":0},"end":{"line":54,"column":78}},"31":{"start":{"line":61,"column":0},"end":{"line":61,"column":64}},"32":{"start":{"line":62,"column":0},"end":{"line":62,"column":74}},"33":{"start":{"line":63,"column":0},"end":{"line":63,"column":70}},"34":{"start":{"line":65,"column":0},"end":{"line":65,"column":22}},"35":{"start":{"line":67,"column":0},"end":{"line":71,"column":1}},"36":{"start":{"line":68,"column":2},"end":{"line":70,"column":5}},"37":{"start":{"line":69,"column":4},"end":{"line":69,"column":77}},"38":{"start":{"line":73,"column":0},"end":{"line":73,"column":21}}},"fnMap":{"0":{"name":"(anonymous_0)","decl":{"start":{"line":68,"column":19},"end":{"line":68,"column":20}},"loc":{"start":{"line":68,"column":25},"end":{"line":70,"column":3}},"line":68}},"branchMap":{"0":{"loc":{"start":{"line":1,"column":0},"end":{"line":3,"column":1}},"type":"if","locations":[{"start":{"line":1,"column":0},"end":{"line":3,"column":1}},{"start":{},"end":{}}],"line":1},"1":{"loc":{"start":{"line":8,"column":13},"end":{"line":8,"column":37}},"type":"binary-expr","locations":[{"start":{"line":8,"column":13},"end":{"line":8,"column":29}},{"start":{"line":8,"column":33},"end":{"line":8,"column":37}}],"line":8},"2":{"loc":{"start":{"line":67,"column":0},"end":{"line":71,"column":1}},"type":"if","locations":[{"start":{"line":67,"column":0},"end":{"line":71,"column":1}},{"start":{},"end":{}}],"line":67}},"s":{"0":1,"1":1,"2":1,"3":1,"4":1,"5":1,"6":1,"7":1,"8":1,"9":1,"10":1,"11":1,"12":1,"13":1,"14":1,"15":1,"16":1,"17":1,"18":1,"19":1,"20":1,"21":1,"22":1,"23":1,"24":1,"25":1,"26":1,"27":1,"28":1,"29":1,"30":1,"31":1,"32":1,"33":1,"34":1,"35":1,"36":0,"37":0,"38":1},"f":{"0":0},"b":{"0":[1,0],"1":[1,1],"2":[0,1]},"_coverageSchema":"1a1c01bbd47fc00a2c39e90264f33305004495a9","hash":"9c687e654f31b4841bec389f76ba836e53cdf4c8"}
,"D:\\HACKTIVE8\\Phase2\\week3\\Body-Architect\\server\\controllers\\PlanController.js": {"path":"D:\\HACKTIVE8\\Phase2\\week3\\Body-Architect\\server\\controllers\\PlanController.js","statementMap":{"0":{"start":{"line":1,"column":43},"end":{"line":1,"column":63}},"1":{"start":{"line":5,"column":4},"end":{"line":5,"column":36}},"2":{"start":{"line":6,"column":15},"end":{"line":6,"column":35}},"3":{"start":{"line":11,"column":4},"end":{"line":66,"column":5}},"4":{"start":{"line":12,"column":58},"end":{"line":12,"column":67}},"5":{"start":{"line":14,"column":27},"end":{"line":19,"column":7}},"6":{"start":{"line":22,"column":6},"end":{"line":24,"column":7}},"7":{"start":{"line":23,"column":8},"end":{"line":23,"column":64}},"8":{"start":{"line":27,"column":6},"end":{"line":29,"column":7}},"9":{"start":{"line":28,"column":8},"end":{"line":28,"column":39}},"10":{"start":{"line":32,"column":6},"end":{"line":51,"column":7}},"11":{"start":{"line":33,"column":8},"end":{"line":48,"column":9}},"12":{"start":{"line":35,"column":12},"end":{"line":35,"column":63}},"13":{"start":{"line":36,"column":12},"end":{"line":36,"column":18}},"14":{"start":{"line":38,"column":12},"end":{"line":38,"column":62}},"15":{"start":{"line":39,"column":12},"end":{"line":39,"column":18}},"16":{"start":{"line":41,"column":12},"end":{"line":41,"column":61}},"17":{"start":{"line":42,"column":12},"end":{"line":42,"column":18}},"18":{"start":{"line":44,"column":12},"end":{"line":44,"column":60}},"19":{"start":{"line":45,"column":12},"end":{"line":45,"column":18}},"20":{"start":{"line":47,"column":12},"end":{"line":47,"column":57}},"21":{"start":{"line":50,"column":8},"end":{"line":50,"column":53}},"22":{"start":{"line":53,"column":30},"end":{"line":53,"column":73}},"23":{"start":{"line":55,"column":6},"end":{"line":63,"column":9}},"24":{"start":{"line":65,"column":6},"end":{"line":65,"column":18}},"25":{"start":{"line":71,"column":4},"end":{"line":156,"column":5}},"26":{"start":{"line":72,"column":27},"end":{"line":72,"column":35}},"27":{"start":{"line":74,"column":6},"end":{"line":153,"column":7}},"28":{"start":{"line":75,"column":27},"end":{"line":75,"column":45}},"29":{"start":{"line":76,"column":27},"end":{"line":78,"column":10}},"30":{"start":{"line":79,"column":8},"end":{"line":83,"column":11}},"31":{"start":{"line":86,"column":28},"end":{"line":91,"column":10}},"32":{"start":{"line":94,"column":23},"end":{"line":94,"column":69}},"33":{"start":{"line":97,"column":26},"end":{"line":97,"column":64}},"34":{"start":{"line":98,"column":24},"end":{"line":98,"column":27}},"35":{"start":{"line":99,"column":22},"end":{"line":99,"column":25}},"36":{"start":{"line":101,"column":8},"end":{"line":126,"column":9}},"37":{"start":{"line":102,"column":10},"end":{"line":102,"column":42}},"38":{"start":{"line":103,"column":10},"end":{"line":103,"column":61}},"39":{"start":{"line":105,"column":10},"end":{"line":125,"column":13}},"40":{"start":{"line":106,"column":30},"end":{"line":109,"column":13}},"41":{"start":{"line":107,"column":29},"end":{"line":107,"column":73}},"42":{"start":{"line":110,"column":30},"end":{"line":114,"column":13}},"43":{"start":{"line":112,"column":16},"end":{"line":112,"column":67}},"44":{"start":{"line":116,"column":28},"end":{"line":116,"column":47}},"45":{"start":{"line":117,"column":12},"end":{"line":122,"column":14}},"46":{"start":{"line":123,"column":12},"end":{"line":123,"column":47}},"47":{"start":{"line":124,"column":12},"end":{"line":124,"column":47}},"48":{"start":{"line":129,"column":26},"end":{"line":129,"column":27}},"49":{"start":{"line":130,"column":26},"end":{"line":130,"column":27}},"50":{"start":{"line":131,"column":8},"end":{"line":140,"column":9}},"51":{"start":{"line":132,"column":10},"end":{"line":135,"column":12}},"52":{"start":{"line":133,"column":22},"end":{"line":133,"column":65}},"53":{"start":{"line":136,"column":10},"end":{"line":139,"column":12}},"54":{"start":{"line":137,"column":22},"end":{"line":137,"column":58}},"55":{"start":{"line":142,"column":8},"end":{"line":152,"column":11}},"56":{"start":{"line":155,"column":6},"end":{"line":155,"column":18}},"57":{"start":{"line":161,"column":4},"end":{"line":246,"column":5}},"58":{"start":{"line":162,"column":21},"end":{"line":162,"column":32}},"59":{"start":{"line":163,"column":19},"end":{"line":163,"column":46}},"60":{"start":{"line":166,"column":23},"end":{"line":169,"column":8}},"61":{"start":{"line":171,"column":6},"end":{"line":176,"column":7}},"62":{"start":{"line":172,"column":8},"end":{"line":175,"column":10}},"63":{"start":{"line":178,"column":20},"end":{"line":178,"column":30}},"64":{"start":{"line":181,"column":6},"end":{"line":240,"column":7}},"65":{"start":{"line":181,"column":19},"end":{"line":181,"column":20}},"66":{"start":{"line":182,"column":24},"end":{"line":182,"column":47}},"67":{"start":{"line":184,"column":25},"end":{"line":184,"column":40}},"68":{"start":{"line":185,"column":8},"end":{"line":185,"column":46}},"69":{"start":{"line":187,"column":29},"end":{"line":191,"column":10}},"70":{"start":{"line":194,"column":29},"end":{"line":207,"column":10}},"71":{"start":{"line":195,"column":10},"end":{"line":206,"column":12}},"72":{"start":{"line":208,"column":8},"end":{"line":208,"column":47}},"73":{"start":{"line":211,"column":26},"end":{"line":238,"column":9}},"74":{"start":{"line":213,"column":12},"end":{"line":236,"column":13}},"75":{"start":{"line":214,"column":31},"end":{"line":214,"column":71}},"76":{"start":{"line":215,"column":14},"end":{"line":224,"column":16}},"77":{"start":{"line":226,"column":14},"end":{"line":235,"column":16}},"78":{"start":{"line":239,"column":8},"end":{"line":239,"column":41}},"79":{"start":{"line":242,"column":6},"end":{"line":242,"column":71}},"80":{"start":{"line":244,"column":6},"end":{"line":244,"column":44}},"81":{"start":{"line":245,"column":6},"end":{"line":245,"column":18}},"82":{"start":{"line":251,"column":4},"end":{"line":260,"column":5}},"83":{"start":{"line":252,"column":20},"end":{"line":256,"column":8}},"84":{"start":{"line":257,"column":6},"end":{"line":257,"column":34}},"85":{"start":{"line":259,"column":6},"end":{"line":259,"column":18}},"86":{"start":{"line":264,"column":4},"end":{"line":276,"column":5}},"87":{"start":{"line":265,"column":31},"end":{"line":265,"column":39}},"88":{"start":{"line":266,"column":22},"end":{"line":272,"column":8}},"89":{"start":{"line":273,"column":6},"end":{"line":273,"column":36}},"90":{"start":{"line":275,"column":6},"end":{"line":275,"column":18}},"91":{"start":{"line":280,"column":4},"end":{"line":291,"column":5}},"92":{"start":{"line":281,"column":21},"end":{"line":281,"column":31}},"93":{"start":{"line":282,"column":25},"end":{"line":282,"column":33}},"94":{"start":{"line":283,"column":19},"end":{"line":285,"column":8}},"95":{"start":{"line":286,"column":6},"end":{"line":286,"column":44}},"96":{"start":{"line":286,"column":17},"end":{"line":286,"column":44}},"97":{"start":{"line":287,"column":6},"end":{"line":287,"column":36}},"98":{"start":{"line":288,"column":6},"end":{"line":288,"column":62}},"99":{"start":{"line":290,"column":6},"end":{"line":290,"column":18}},"100":{"start":{"line":295,"column":4},"end":{"line":305,"column":5}},"101":{"start":{"line":296,"column":21},"end":{"line":296,"column":31}},"102":{"start":{"line":297,"column":19},"end":{"line":299,"column":8}},"103":{"start":{"line":300,"column":6},"end":{"line":300,"column":44}},"104":{"start":{"line":300,"column":17},"end":{"line":300,"column":44}},"105":{"start":{"line":301,"column":6},"end":{"line":301,"column":27}},"106":{"start":{"line":302,"column":6},"end":{"line":302,"column":69}},"107":{"start":{"line":304,"column":6},"end":{"line":304,"column":18}},"108":{"start":{"line":329,"column":4},"end":{"line":344,"column":5}},"109":{"start":{"line":330,"column":27},"end":{"line":330,"column":37}},"110":{"start":{"line":331,"column":30},"end":{"line":331,"column":38}},"111":{"start":{"line":333,"column":6},"end":{"line":339,"column":7}},"112":{"start":{"line":334,"column":8},"end":{"line":334,"column":62}},"113":{"start":{"line":335,"column":13},"end":{"line":339,"column":7}},"114":{"start":{"line":336,"column":8},"end":{"line":336,"column":65}},"115":{"start":{"line":338,"column":8},"end":{"line":338,"column":62}},"116":{"start":{"line":341,"column":6},"end":{"line":341,"column":58}},"117":{"start":{"line":343,"column":6},"end":{"line":343,"column":18}},"118":{"start":{"line":348,"column":0},"end":{"line":348,"column":32}}},"fnMap":{"0":{"name":"(anonymous_0)","decl":{"start":{"line":10,"column":2},"end":{"line":10,"column":3}},"loc":{"start":{"line":10,"column":39},"end":{"line":67,"column":3}},"line":10},"1":{"name":"(anonymous_1)","decl":{"start":{"line":70,"column":2},"end":{"line":70,"column":3}},"loc":{"start":{"line":70,"column":44},"end":{"line":157,"column":3}},"line":70},"2":{"name":"(anonymous_2)","decl":{"start":{"line":105,"column":30},"end":{"line":105,"column":31}},"loc":{"start":{"line":105,"column":40},"end":{"line":125,"column":11}},"line":105},"3":{"name":"(anonymous_3)","decl":{"start":{"line":107,"column":14},"end":{"line":107,"column":15}},"loc":{"start":{"line":107,"column":29},"end":{"line":107,"column":73}},"line":107},"4":{"name":"(anonymous_4)","decl":{"start":{"line":111,"column":14},"end":{"line":111,"column":15}},"loc":{"start":{"line":112,"column":16},"end":{"line":112,"column":67}},"line":112},"5":{"name":"(anonymous_5)","decl":{"start":{"line":133,"column":12},"end":{"line":133,"column":13}},"loc":{"start":{"line":133,"column":22},"end":{"line":133,"column":65}},"line":133},"6":{"name":"(anonymous_6)","decl":{"start":{"line":137,"column":12},"end":{"line":137,"column":13}},"loc":{"start":{"line":137,"column":22},"end":{"line":137,"column":58}},"line":137},"7":{"name":"(anonymous_7)","decl":{"start":{"line":160,"column":2},"end":{"line":160,"column":3}},"loc":{"start":{"line":160,"column":52},"end":{"line":247,"column":3}},"line":160},"8":{"name":"(anonymous_8)","decl":{"start":{"line":194,"column":50},"end":{"line":194,"column":51}},"loc":{"start":{"line":194,"column":57},"end":{"line":207,"column":9}},"line":194},"9":{"name":"(anonymous_9)","decl":{"start":{"line":212,"column":28},"end":{"line":212,"column":29}},"loc":{"start":{"line":212,"column":41},"end":{"line":237,"column":11}},"line":212},"10":{"name":"(anonymous_10)","decl":{"start":{"line":250,"column":2},"end":{"line":250,"column":3}},"loc":{"start":{"line":250,"column":43},"end":{"line":261,"column":3}},"line":250},"11":{"name":"(anonymous_11)","decl":{"start":{"line":263,"column":2},"end":{"line":263,"column":3}},"loc":{"start":{"line":263,"column":42},"end":{"line":277,"column":3}},"line":263},"12":{"name":"(anonymous_12)","decl":{"start":{"line":279,"column":2},"end":{"line":279,"column":3}},"loc":{"start":{"line":279,"column":42},"end":{"line":292,"column":3}},"line":279},"13":{"name":"(anonymous_13)","decl":{"start":{"line":294,"column":2},"end":{"line":294,"column":3}},"loc":{"start":{"line":294,"column":42},"end":{"line":306,"column":3}},"line":294},"14":{"name":"(anonymous_14)","decl":{"start":{"line":328,"column":2},"end":{"line":328,"column":3}},"loc":{"start":{"line":328,"column":48},"end":{"line":345,"column":3}},"line":328}},"branchMap":{"0":{"loc":{"start":{"line":12,"column":26},"end":{"line":12,"column":34}},"type":"default-arg","locations":[{"start":{"line":12,"column":33},"end":{"line":12,"column":34}}],"line":12},"1":{"loc":{"start":{"line":12,"column":36},"end":{"line":12,"column":45}},"type":"default-arg","locations":[{"start":{"line":12,"column":44},"end":{"line":12,"column":45}}],"line":12},"2":{"loc":{"start":{"line":22,"column":6},"end":{"line":24,"column":7}},"type":"if","locations":[{"start":{"line":22,"column":6},"end":{"line":24,"column":7}},{"start":{},"end":{}}],"line":22},"3":{"loc":{"start":{"line":27,"column":6},"end":{"line":29,"column":7}},"type":"if","locations":[{"start":{"line":27,"column":6},"end":{"line":29,"column":7}},{"start":{},"end":{}}],"line":27},"4":{"loc":{"start":{"line":32,"column":6},"end":{"line":51,"column":7}},"type":"if","locations":[{"start":{"line":32,"column":6},"end":{"line":51,"column":7}},{"start":{"line":49,"column":13},"end":{"line":51,"column":7}}],"line":32},"5":{"loc":{"start":{"line":33,"column":8},"end":{"line":48,"column":9}},"type":"switch","locations":[{"start":{"line":34,"column":10},"end":{"line":36,"column":18}},{"start":{"line":37,"column":10},"end":{"line":39,"column":18}},{"start":{"line":40,"column":10},"end":{"line":42,"column":18}},{"start":{"line":43,"column":10},"end":{"line":45,"column":18}},{"start":{"line":46,"column":10},"end":{"line":47,"column":57}}],"line":33},"6":{"loc":{"start":{"line":74,"column":6},"end":{"line":153,"column":7}},"type":"if","locations":[{"start":{"line":74,"column":6},"end":{"line":153,"column":7}},{"start":{"line":84,"column":13},"end":{"line":153,"column":7}}],"line":74},"7":{"loc":{"start":{"line":94,"column":23},"end":{"line":94,"column":69}},"type":"cond-expr","locations":[{"start":{"line":94,"column":48},"end":{"line":94,"column":62}},{"start":{"line":94,"column":65},"end":{"line":94,"column":69}}],"line":94},"8":{"loc":{"start":{"line":101,"column":8},"end":{"line":126,"column":9}},"type":"if","locations":[{"start":{"line":101,"column":8},"end":{"line":126,"column":9}},{"start":{},"end":{}}],"line":101},"9":{"loc":{"start":{"line":107,"column":36},"end":{"line":107,"column":72}},"type":"cond-expr","locations":[{"start":{"line":107,"column":55},"end":{"line":107,"column":68}},{"start":{"line":107,"column":71},"end":{"line":107,"column":72}}],"line":107},"10":{"loc":{"start":{"line":112,"column":23},"end":{"line":112,"column":66}},"type":"cond-expr","locations":[{"start":{"line":112,"column":42},"end":{"line":112,"column":62}},{"start":{"line":112,"column":65},"end":{"line":112,"column":66}}],"line":112},"11":{"loc":{"start":{"line":131,"column":8},"end":{"line":140,"column":9}},"type":"if","locations":[{"start":{"line":131,"column":8},"end":{"line":140,"column":9}},{"start":{},"end":{}}],"line":131},"12":{"loc":{"start":{"line":133,"column":27},"end":{"line":133,"column":64}},"type":"cond-expr","locations":[{"start":{"line":133,"column":43},"end":{"line":133,"column":60}},{"start":{"line":133,"column":63},"end":{"line":133,"column":64}}],"line":133},"13":{"loc":{"start":{"line":137,"column":27},"end":{"line":137,"column":57}},"type":"cond-expr","locations":[{"start":{"line":137,"column":43},"end":{"line":137,"column":53}},{"start":{"line":137,"column":56},"end":{"line":137,"column":57}}],"line":137},"14":{"loc":{"start":{"line":151,"column":22},"end":{"line":151,"column":41}},"type":"binary-expr","locations":[{"start":{"line":151,"column":22},"end":{"line":151,"column":28}},{"start":{"line":151,"column":32},"end":{"line":151,"column":41}}],"line":151},"15":{"loc":{"start":{"line":171,"column":6},"end":{"line":176,"column":7}},"type":"if","locations":[{"start":{"line":171,"column":6},"end":{"line":176,"column":7}},{"start":{},"end":{}}],"line":171},"16":{"loc":{"start":{"line":171,"column":10},"end":{"line":171,"column":68}},"type":"binary-expr","locations":[{"start":{"line":171,"column":10},"end":{"line":171,"column":31}},{"start":{"line":171,"column":35},"end":{"line":171,"column":68}}],"line":171},"17":{"loc":{"start":{"line":199,"column":18},"end":{"line":199,"column":46}},"type":"binary-expr","locations":[{"start":{"line":199,"column":18},"end":{"line":199,"column":24}},{"start":{"line":199,"column":28},"end":{"line":199,"column":46}}],"line":199},"18":{"loc":{"start":{"line":200,"column":27},"end":{"line":200,"column":48}},"type":"binary-expr","locations":[{"start":{"line":200,"column":27},"end":{"line":200,"column":42}},{"start":{"line":200,"column":46},"end":{"line":200,"column":48}}],"line":200},"19":{"loc":{"start":{"line":201,"column":29},"end":{"line":201,"column":55}},"type":"binary-expr","locations":[{"start":{"line":201,"column":29},"end":{"line":201,"column":48}},{"start":{"line":201,"column":52},"end":{"line":201,"column":55}}],"line":201},"20":{"loc":{"start":{"line":268,"column":14},"end":{"line":268,"column":32}},"type":"binary-expr","locations":[{"start":{"line":268,"column":14},"end":{"line":268,"column":18}},{"start":{"line":268,"column":22},"end":{"line":268,"column":32}}],"line":268},"21":{"loc":{"start":{"line":269,"column":16},"end":{"line":269,"column":34}},"type":"binary-expr","locations":[{"start":{"line":269,"column":16},"end":{"line":269,"column":22}},{"start":{"line":269,"column":26},"end":{"line":269,"column":34}}],"line":269},"22":{"loc":{"start":{"line":286,"column":6},"end":{"line":286,"column":44}},"type":"if","locations":[{"start":{"line":286,"column":6},"end":{"line":286,"column":44}},{"start":{},"end":{}}],"line":286},"23":{"loc":{"start":{"line":300,"column":6},"end":{"line":300,"column":44}},"type":"if","locations":[{"start":{"line":300,"column":6},"end":{"line":300,"column":44}},{"start":{},"end":{}}],"line":300},"24":{"loc":{"start":{"line":333,"column":6},"end":{"line":339,"column":7}},"type":"if","locations":[{"start":{"line":333,"column":6},"end":{"line":339,"column":7}},{"start":{"line":335,"column":13},"end":{"line":339,"column":7}}],"line":333},"25":{"loc":{"start":{"line":335,"column":13},"end":{"line":339,"column":7}},"type":"if","locations":[{"start":{"line":335,"column":13},"end":{"line":339,"column":7}},{"start":{"line":337,"column":13},"end":{"line":339,"column":7}}],"line":335}},"s":{"0":1,"1":1,"2":1,"3":6,"4":6,"5":6,"6":6,"7":1,"8":6,"9":1,"10":6,"11":4,"12":1,"13":1,"14":1,"15":1,"16":1,"17":1,"18":1,"19":1,"20":0,"21":2,"22":6,"23":6,"24":0,"25":2,"26":2,"27":2,"28":1,"29":1,"30":1,"31":1,"32":1,"33":1,"34":1,"35":1,"36":1,"37":1,"38":1,"39":1,"40":1,"41":1,"42":1,"43":1,"44":1,"45":1,"46":1,"47":1,"48":1,"49":1,"50":1,"51":1,"52":1,"53":1,"54":1,"55":1,"56":0,"57":3,"58":3,"59":3,"60":3,"61":3,"62":1,"63":2,"64":2,"65":2,"66":14,"67":14,"68":14,"69":14,"70":14,"71":28,"72":14,"73":14,"74":42,"75":42,"76":42,"77":0,"78":14,"79":2,"80":1,"81":1,"82":1,"83":1,"84":1,"85":0,"86":2,"87":2,"88":2,"89":1,"90":1,"91":1,"92":1,"93":1,"94":1,"95":1,"96":0,"97":1,"98":1,"99":0,"100":1,"101":1,"102":1,"103":1,"104":0,"105":1,"106":1,"107":0,"108":2,"109":2,"110":2,"111":2,"112":1,"113":1,"114":1,"115":0,"116":2,"117":0,"118":1},"f":{"0":6,"1":2,"2":1,"3":1,"4":1,"5":1,"6":1,"7":3,"8":28,"9":42,"10":1,"11":2,"12":1,"13":1,"14":2},"b":{"0":[6],"1":[6],"2":[1,5],"3":[1,5],"4":[4,2],"5":[1,1,1,1,0],"6":[1,1],"7":[1,0],"8":[1,0],"9":[0,1],"10":[0,1],"11":[1,0],"12":[0,1],"13":[0,1],"14":[1,0],"15":[1,2],"16":[3,3],"17":[28,0],"18":[28,0],"19":[28,0],"20":[2,0],"21":[2,2],"22":[0,1],"23":[0,1],"24":[1,1],"25":[1,0]},"_coverageSchema":"1a1c01bbd47fc00a2c39e90264f33305004495a9","hash":"36570f95e1c062a1b42af2b844b4e5094fcd45ec"}
,"D:\\HACKTIVE8\\Phase2\\week3\\Body-Architect\\server\\controllers\\UserController.js": {"path":"D:\\HACKTIVE8\\Phase2\\week3\\Body-Architect\\server\\controllers\\UserController.js","statementMap":{"0":{"start":{"line":2,"column":28},"end":{"line":2,"column":48}},"1":{"start":{"line":3,"column":28},"end":{"line":3,"column":56}},"2":{"start":{"line":4,"column":22},"end":{"line":4,"column":47}},"3":{"start":{"line":5,"column":30},"end":{"line":5,"column":62}},"4":{"start":{"line":9,"column":4},"end":{"line":40,"column":5}},"5":{"start":{"line":20,"column":10},"end":{"line":20,"column":18}},"6":{"start":{"line":21,"column":22},"end":{"line":32,"column":8}},"7":{"start":{"line":33,"column":6},"end":{"line":37,"column":9}},"8":{"start":{"line":39,"column":6},"end":{"line":39,"column":18}},"9":{"start":{"line":44,"column":4},"end":{"line":62,"column":5}},"10":{"start":{"line":45,"column":34},"end":{"line":45,"column":42}},"11":{"start":{"line":46,"column":6},"end":{"line":47,"column":73}},"12":{"start":{"line":47,"column":8},"end":{"line":47,"column":73}},"13":{"start":{"line":48,"column":19},"end":{"line":48,"column":59}},"14":{"start":{"line":49,"column":6},"end":{"line":49,"column":51}},"15":{"start":{"line":49,"column":17},"end":{"line":49,"column":51}},"16":{"start":{"line":50,"column":6},"end":{"line":51,"column":42}},"17":{"start":{"line":51,"column":8},"end":{"line":51,"column":42}},"18":{"start":{"line":52,"column":27},"end":{"line":56,"column":8}},"19":{"start":{"line":57,"column":6},"end":{"line":59,"column":74}},"20":{"start":{"line":61,"column":6},"end":{"line":61,"column":18}},"21":{"start":{"line":66,"column":4},"end":{"line":96,"column":5}},"22":{"start":{"line":67,"column":24},"end":{"line":67,"column":32}},"23":{"start":{"line":68,"column":28},"end":{"line":68,"column":58}},"24":{"start":{"line":69,"column":35},"end":{"line":69,"column":48}},"25":{"start":{"line":70,"column":17},"end":{"line":70,"column":57}},"26":{"start":{"line":71,"column":6},"end":{"line":85,"column":7}},"27":{"start":{"line":72,"column":8},"end":{"line":84,"column":11}},"28":{"start":{"line":86,"column":27},"end":{"line":90,"column":8}},"29":{"start":{"line":91,"column":6},"end":{"line":93,"column":74}},"30":{"start":{"line":95,"column":6},"end":{"line":95,"column":18}},"31":{"start":{"line":100,"column":4},"end":{"line":107,"column":5}},"32":{"start":{"line":101,"column":19},"end":{"line":103,"column":8}},"33":{"start":{"line":104,"column":6},"end":{"line":104,"column":33}},"34":{"start":{"line":106,"column":6},"end":{"line":106,"column":18}},"35":{"start":{"line":111,"column":4},"end":{"line":127,"column":5}},"36":{"start":{"line":113,"column":8},"end":{"line":113,"column":16}},"37":{"start":{"line":114,"column":19},"end":{"line":114,"column":51}},"38":{"start":{"line":115,"column":6},"end":{"line":123,"column":9}},"39":{"start":{"line":124,"column":6},"end":{"line":124,"column":72}},"40":{"start":{"line":126,"column":6},"end":{"line":126,"column":18}},"41":{"start":{"line":132,"column":4},"end":{"line":164,"column":5}},"42":{"start":{"line":133,"column":20},"end":{"line":145,"column":8}},"43":{"start":{"line":147,"column":29},"end":{"line":158,"column":8}},"44":{"start":{"line":148,"column":30},"end":{"line":148,"column":75}},"45":{"start":{"line":149,"column":31},"end":{"line":151,"column":21}},"46":{"start":{"line":152,"column":8},"end":{"line":157,"column":10}},"47":{"start":{"line":160,"column":6},"end":{"line":160,"column":43}},"48":{"start":{"line":162,"column":6},"end":{"line":162,"column":47}},"49":{"start":{"line":163,"column":6},"end":{"line":163,"column":18}},"50":{"start":{"line":168,"column":4},"end":{"line":186,"column":5}},"51":{"start":{"line":169,"column":21},"end":{"line":169,"column":31}},"52":{"start":{"line":171,"column":8},"end":{"line":171,"column":16}},"53":{"start":{"line":172,"column":19},"end":{"line":172,"column":42}},"54":{"start":{"line":173,"column":6},"end":{"line":173,"column":44}},"55":{"start":{"line":173,"column":17},"end":{"line":173,"column":44}},"56":{"start":{"line":174,"column":6},"end":{"line":182,"column":9}},"57":{"start":{"line":183,"column":6},"end":{"line":183,"column":69}},"58":{"start":{"line":185,"column":6},"end":{"line":185,"column":18}},"59":{"start":{"line":190,"column":4},"end":{"line":198,"column":5}},"60":{"start":{"line":191,"column":21},"end":{"line":191,"column":31}},"61":{"start":{"line":192,"column":19},"end":{"line":192,"column":42}},"62":{"start":{"line":193,"column":6},"end":{"line":193,"column":44}},"63":{"start":{"line":193,"column":17},"end":{"line":193,"column":44}},"64":{"start":{"line":194,"column":6},"end":{"line":194,"column":27}},"65":{"start":{"line":195,"column":6},"end":{"line":195,"column":79}},"66":{"start":{"line":197,"column":6},"end":{"line":197,"column":18}},"67":{"start":{"line":202,"column":0},"end":{"line":202,"column":32}}},"fnMap":{"0":{"name":"(anonymous_0)","decl":{"start":{"line":8,"column":2},"end":{"line":8,"column":3}},"loc":{"start":{"line":8,"column":40},"end":{"line":41,"column":3}},"line":8},"1":{"name":"(anonymous_1)","decl":{"start":{"line":43,"column":2},"end":{"line":43,"column":3}},"loc":{"start":{"line":43,"column":37},"end":{"line":63,"column":3}},"line":43},"2":{"name":"(anonymous_2)","decl":{"start":{"line":65,"column":2},"end":{"line":65,"column":3}},"loc":{"start":{"line":65,"column":43},"end":{"line":97,"column":3}},"line":65},"3":{"name":"(anonymous_3)","decl":{"start":{"line":99,"column":2},"end":{"line":99,"column":3}},"loc":{"start":{"line":99,"column":42},"end":{"line":108,"column":3}},"line":99},"4":{"name":"(anonymous_4)","decl":{"start":{"line":110,"column":2},"end":{"line":110,"column":3}},"loc":{"start":{"line":110,"column":45},"end":{"line":128,"column":3}},"line":110},"5":{"name":"(anonymous_5)","decl":{"start":{"line":131,"column":2},"end":{"line":131,"column":3}},"loc":{"start":{"line":131,"column":43},"end":{"line":165,"column":3}},"line":131},"6":{"name":"(anonymous_6)","decl":{"start":{"line":147,"column":39},"end":{"line":147,"column":40}},"loc":{"start":{"line":147,"column":49},"end":{"line":158,"column":7}},"line":147},"7":{"name":"(anonymous_7)","decl":{"start":{"line":167,"column":2},"end":{"line":167,"column":3}},"loc":{"start":{"line":167,"column":49},"end":{"line":187,"column":3}},"line":167},"8":{"name":"(anonymous_8)","decl":{"start":{"line":189,"column":2},"end":{"line":189,"column":3}},"loc":{"start":{"line":189,"column":42},"end":{"line":199,"column":3}},"line":189}},"branchMap":{"0":{"loc":{"start":{"line":46,"column":6},"end":{"line":47,"column":73}},"type":"if","locations":[{"start":{"line":46,"column":6},"end":{"line":47,"column":73}},{"start":{},"end":{}}],"line":46},"1":{"loc":{"start":{"line":46,"column":10},"end":{"line":46,"column":29}},"type":"binary-expr","locations":[{"start":{"line":46,"column":10},"end":{"line":46,"column":16}},{"start":{"line":46,"column":20},"end":{"line":46,"column":29}}],"line":46},"2":{"loc":{"start":{"line":49,"column":6},"end":{"line":49,"column":51}},"type":"if","locations":[{"start":{"line":49,"column":6},"end":{"line":49,"column":51}},{"start":{},"end":{}}],"line":49},"3":{"loc":{"start":{"line":50,"column":6},"end":{"line":51,"column":42}},"type":"if","locations":[{"start":{"line":50,"column":6},"end":{"line":51,"column":42}},{"start":{},"end":{}}],"line":50},"4":{"loc":{"start":{"line":71,"column":6},"end":{"line":85,"column":7}},"type":"if","locations":[{"start":{"line":71,"column":6},"end":{"line":85,"column":7}},{"start":{},"end":{}}],"line":71},"5":{"loc":{"start":{"line":148,"column":30},"end":{"line":148,"column":75}},"type":"binary-expr","locations":[{"start":{"line":148,"column":30},"end":{"line":148,"column":45}},{"start":{"line":148,"column":49},"end":{"line":148,"column":75}}],"line":148},"6":{"loc":{"start":{"line":149,"column":31},"end":{"line":151,"column":21}},"type":"cond-expr","locations":[{"start":{"line":150,"column":12},"end":{"line":150,"column":37}},{"start":{"line":151,"column":12},"end":{"line":151,"column":21}}],"line":149},"7":{"loc":{"start":{"line":155,"column":12},"end":{"line":155,"column":75}},"type":"cond-expr","locations":[{"start":{"line":155,"column":42},"end":{"line":155,"column":52}},{"start":{"line":155,"column":55},"end":{"line":155,"column":75}}],"line":155},"8":{"loc":{"start":{"line":173,"column":6},"end":{"line":173,"column":44}},"type":"if","locations":[{"start":{"line":173,"column":6},"end":{"line":173,"column":44}},{"start":{},"end":{}}],"line":173},"9":{"loc":{"start":{"line":193,"column":6},"end":{"line":193,"column":44}},"type":"if","locations":[{"start":{"line":193,"column":6},"end":{"line":193,"column":44}},{"start":{},"end":{}}],"line":193}},"s":{"0":1,"1":1,"2":1,"3":1,"4":3,"5":3,"6":3,"7":1,"8":2,"9":4,"10":4,"11":4,"12":1,"13":3,"14":3,"15":1,"16":2,"17":1,"18":1,"19":1,"20":3,"21":3,"22":3,"23":3,"24":2,"25":2,"26":2,"27":2,"28":2,"29":2,"30":1,"31":1,"32":1,"33":1,"34":0,"35":1,"36":1,"37":1,"38":1,"39":1,"40":0,"41":1,"42":1,"43":1,"44":6,"45":6,"46":6,"47":1,"48":0,"49":0,"50":1,"51":1,"52":1,"53":1,"54":1,"55":0,"56":1,"57":1,"58":0,"59":2,"60":2,"61":2,"62":2,"63":1,"64":1,"65":1,"66":1,"67":1},"f":{"0":3,"1":4,"2":3,"3":1,"4":1,"5":1,"6":6,"7":1,"8":2},"b":{"0":[1,3],"1":[4,3],"2":[1,2],"3":[1,1],"4":[2,0],"5":[6,6],"6":[2,4],"7":[2,4],"8":[0,1],"9":[1,1]},"_coverageSchema":"1a1c01bbd47fc00a2c39e90264f33305004495a9","hash":"f7fd981147f99f19d19cd85626ba62a2b1f2b92f"}
,"D:\\HACKTIVE8\\Phase2\\week3\\Body-Architect\\server\\helpers\\bcrypt.js": {"path":"D:\\HACKTIVE8\\Phase2\\week3\\Body-Architect\\server\\helpers\\bcrypt.js","statementMap":{"0":{"start":{"line":1,"column":15},"end":{"line":1,"column":34}},"1":{"start":{"line":3,"column":24},"end":{"line":5,"column":1}},"2":{"start":{"line":4,"column":2},"end":{"line":4,"column":59}},"3":{"start":{"line":7,"column":0},"end":{"line":7,"column":37}}},"fnMap":{"0":{"name":"(anonymous_0)","decl":{"start":{"line":3,"column":24},"end":{"line":3,"column":25}},"loc":{"start":{"line":3,"column":59},"end":{"line":5,"column":1}},"line":3}},"branchMap":{},"s":{"0":1,"1":1,"2":2,"3":1},"f":{"0":2},"b":{},"_coverageSchema":"1a1c01bbd47fc00a2c39e90264f33305004495a9","hash":"9881c90b83dd85a670dfccedb267844d491a7148"}
,"D:\\HACKTIVE8\\Phase2\\week3\\Body-Architect\\server\\helpers\\jwt.js": {"path":"D:\\HACKTIVE8\\Phase2\\week3\\Body-Architect\\server\\helpers\\jwt.js","statementMap":{"0":{"start":{"line":1,"column":12},"end":{"line":1,"column":35}},"1":{"start":{"line":2,"column":15},"end":{"line":2,"column":53}},"2":{"start":{"line":4,"column":18},"end":{"line":6,"column":1}},"3":{"start":{"line":5,"column":2},"end":{"line":5,"column":35}},"4":{"start":{"line":8,"column":20},"end":{"line":10,"column":1}},"5":{"start":{"line":9,"column":2},"end":{"line":9,"column":35}},"6":{"start":{"line":12,"column":0},"end":{"line":12,"column":44}}},"fnMap":{"0":{"name":"(anonymous_0)","decl":{"start":{"line":4,"column":18},"end":{"line":4,"column":19}},"loc":{"start":{"line":4,"column":31},"end":{"line":6,"column":1}},"line":4},"1":{"name":"(anonymous_1)","decl":{"start":{"line":8,"column":20},"end":{"line":8,"column":21}},"loc":{"start":{"line":8,"column":31},"end":{"line":10,"column":1}},"line":8}},"branchMap":{"0":{"loc":{"start":{"line":2,"column":15},"end":{"line":2,"column":53}},"type":"binary-expr","locations":[{"start":{"line":2,"column":15},"end":{"line":2,"column":37}},{"start":{"line":2,"column":41},"end":{"line":2,"column":53}}],"line":2}},"s":{"0":1,"1":1,"2":1,"3":5,"4":1,"5":24,"6":1},"f":{"0":5,"1":24},"b":{"0":[1,1]},"_coverageSchema":"1a1c01bbd47fc00a2c39e90264f33305004495a9","hash":"bae6a21dc6257c289f0a5333748ed70a661bfe74"}
,"D:\\HACKTIVE8\\Phase2\\week3\\Body-Architect\\server\\helpers\\thirdParty.js": {"path":"D:\\HACKTIVE8\\Phase2\\week3\\Body-Architect\\server\\helpers\\thirdParty.js","statementMap":{"0":{"start":{"line":1,"column":14},"end":{"line":1,"column":30}},"1":{"start":{"line":2,"column":31},"end":{"line":2,"column":63}},"2":{"start":{"line":3,"column":25},"end":{"line":3,"column":55}},"3":{"start":{"line":5,"column":14},"end":{"line":5,"column":64}},"4":{"start":{"line":7,"column":14},"end":{"line":10,"column":2}},"5":{"start":{"line":12,"column":15},"end":{"line":12,"column":61}},"6":{"start":{"line":14,"column":22},"end":{"line":42,"column":1}},"7":{"start":{"line":45,"column":27},"end":{"line":74,"column":1}},"8":{"start":{"line":46,"column":2},"end":{"line":73,"column":3}},"9":{"start":{"line":47,"column":21},"end":{"line":58,"column":5}},"10":{"start":{"line":60,"column":4},"end":{"line":65,"column":5}},"11":{"start":{"line":61,"column":23},"end":{"line":63,"column":15}},"12":{"start":{"line":62,"column":15},"end":{"line":62,"column":36}},"13":{"start":{"line":64,"column":6},"end":{"line":64,"column":41}},"14":{"start":{"line":66,"column":4},"end":{"line":67,"column":59}},"15":{"start":{"line":67,"column":6},"end":{"line":67,"column":59}},"16":{"start":{"line":68,"column":4},"end":{"line":68,"column":57}},"17":{"start":{"line":70,"column":4},"end":{"line":71,"column":59}},"18":{"start":{"line":71,"column":6},"end":{"line":71,"column":59}},"19":{"start":{"line":72,"column":4},"end":{"line":72,"column":57}},"20":{"start":{"line":77,"column":30},"end":{"line":129,"column":1}},"21":{"start":{"line":78,"column":18},"end":{"line":78,"column":51}},"22":{"start":{"line":79,"column":23},"end":{"line":79,"column":77}},"23":{"start":{"line":81,"column":4},"end":{"line":83,"column":18}},"24":{"start":{"line":85,"column":17},"end":{"line":113,"column":3}},"25":{"start":{"line":115,"column":2},"end":{"line":128,"column":3}},"26":{"start":{"line":116,"column":19},"end":{"line":116,"column":54}},"27":{"start":{"line":117,"column":21},"end":{"line":117,"column":42}},"28":{"start":{"line":118,"column":15},"end":{"line":122,"column":13}},"29":{"start":{"line":123,"column":4},"end":{"line":123,"column":28}},"30":{"start":{"line":125,"column":4},"end":{"line":125,"column":42}},"31":{"start":{"line":127,"column":4},"end":{"line":127,"column":31}},"32":{"start":{"line":131,"column":26},"end":{"line":141,"column":1}},"33":{"start":{"line":132,"column":2},"end":{"line":140,"column":3}},"34":{"start":{"line":133,"column":19},"end":{"line":136,"column":6}},"35":{"start":{"line":137,"column":4},"end":{"line":137,"column":31}},"36":{"start":{"line":139,"column":4},"end":{"line":139,"column":71}},"37":{"start":{"line":143,"column":0},"end":{"line":147,"column":2}}},"fnMap":{"0":{"name":"(anonymous_0)","decl":{"start":{"line":45,"column":27},"end":{"line":45,"column":28}},"loc":{"start":{"line":45,"column":53},"end":{"line":74,"column":1}},"line":45},"1":{"name":"(anonymous_1)","decl":{"start":{"line":62,"column":8},"end":{"line":62,"column":9}},"loc":{"start":{"line":62,"column":15},"end":{"line":62,"column":36}},"line":62},"2":{"name":"(anonymous_2)","decl":{"start":{"line":77,"column":30},"end":{"line":77,"column":31}},"loc":{"start":{"line":77,"column":79},"end":{"line":129,"column":1}},"line":77},"3":{"name":"(anonymous_3)","decl":{"start":{"line":131,"column":26},"end":{"line":131,"column":27}},"loc":{"start":{"line":131,"column":43},"end":{"line":141,"column":1}},"line":131}},"branchMap":{"0":{"loc":{"start":{"line":60,"column":4},"end":{"line":65,"column":5}},"type":"if","locations":[{"start":{"line":60,"column":4},"end":{"line":65,"column":5}},{"start":{},"end":{}}],"line":60},"1":{"loc":{"start":{"line":60,"column":8},"end":{"line":60,"column":65}},"type":"binary-expr","locations":[{"start":{"line":60,"column":8},"end":{"line":60,"column":29}},{"start":{"line":60,"column":33},"end":{"line":60,"column":65}}],"line":60},"2":{"loc":{"start":{"line":64,"column":13},"end":{"line":64,"column":40}},"type":"binary-expr","locations":[{"start":{"line":64,"column":13},"end":{"line":64,"column":33}},{"start":{"line":64,"column":37},"end":{"line":64,"column":40}}],"line":64},"3":{"loc":{"start":{"line":66,"column":4},"end":{"line":67,"column":59}},"type":"if","locations":[{"start":{"line":66,"column":4},"end":{"line":67,"column":59}},{"start":{},"end":{}}],"line":66},"4":{"loc":{"start":{"line":70,"column":4},"end":{"line":71,"column":59}},"type":"if","locations":[{"start":{"line":70,"column":4},"end":{"line":71,"column":59}},{"start":{},"end":{}}],"line":70},"5":{"loc":{"start":{"line":77,"column":50},"end":{"line":77,"column":74}},"type":"default-arg","locations":[{"start":{"line":77,"column":70},"end":{"line":77,"column":74}}],"line":77},"6":{"loc":{"start":{"line":78,"column":18},"end":{"line":78,"column":51}},"type":"binary-expr","locations":[{"start":{"line":78,"column":18},"end":{"line":78,"column":34}},{"start":{"line":78,"column":38},"end":{"line":78,"column":51}}],"line":78},"7":{"loc":{"start":{"line":79,"column":23},"end":{"line":79,"column":77}},"type":"binary-expr","locations":[{"start":{"line":79,"column":23},"end":{"line":79,"column":45}},{"start":{"line":79,"column":49},"end":{"line":79,"column":77}}],"line":79},"8":{"loc":{"start":{"line":81,"column":4},"end":{"line":83,"column":18}},"type":"cond-expr","locations":[{"start":{"line":82,"column":8},"end":{"line":82,"column":53}},{"start":{"line":83,"column":8},"end":{"line":83,"column":18}}],"line":81}},"s":{"0":1,"1":1,"2":1,"3":1,"4":1,"5":1,"6":1,"7":1,"8":42,"9":42,"10":21,"11":21,"12":21,"13":21,"14":0,"15":0,"16":0,"17":21,"18":7,"19":14,"20":1,"21":3,"22":3,"23":3,"24":3,"25":3,"26":3,"27":3,"28":3,"29":3,"30":1,"31":1,"32":1,"33":3,"34":3,"35":2,"36":1,"37":1},"f":{"0":42,"1":21,"2":3,"3":3},"b":{"0":[21,0],"1":[21,21],"2":[21,0],"3":[0,0],"4":[7,14],"5":[3],"6":[3,0],"7":[3,0],"8":[0,3]},"_coverageSchema":"1a1c01bbd47fc00a2c39e90264f33305004495a9","hash":"e4697aa93480444d00dc29b20a8fcb1b265ec295"}
,"D:\\HACKTIVE8\\Phase2\\week3\\Body-Architect\\server\\middleware\\authentication.js": {"path":"D:\\HACKTIVE8\\Phase2\\week3\\Body-Architect\\server\\middleware\\authentication.js","statementMap":{"0":{"start":{"line":1,"column":24},"end":{"line":1,"column":49}},"1":{"start":{"line":2,"column":17},"end":{"line":2,"column":37}},"2":{"start":{"line":4,"column":23},"end":{"line":30,"column":1}},"3":{"start":{"line":5,"column":2},"end":{"line":29,"column":3}},"4":{"start":{"line":6,"column":30},"end":{"line":6,"column":41}},"5":{"start":{"line":7,"column":4},"end":{"line":7,"column":58}},"6":{"start":{"line":7,"column":24},"end":{"line":7,"column":58}},"7":{"start":{"line":9,"column":18},"end":{"line":9,"column":45}},"8":{"start":{"line":10,"column":4},"end":{"line":10,"column":50}},"9":{"start":{"line":10,"column":16},"end":{"line":10,"column":50}},"10":{"start":{"line":12,"column":20},"end":{"line":12,"column":38}},"11":{"start":{"line":14,"column":17},"end":{"line":14,"column":48}},"12":{"start":{"line":15,"column":4},"end":{"line":15,"column":49}},"13":{"start":{"line":15,"column":15},"end":{"line":15,"column":49}},"14":{"start":{"line":17,"column":4},"end":{"line":21,"column":6}},"15":{"start":{"line":22,"column":4},"end":{"line":22,"column":11}},"16":{"start":{"line":24,"column":4},"end":{"line":28,"column":5}},"17":{"start":{"line":25,"column":6},"end":{"line":25,"column":40}},"18":{"start":{"line":27,"column":6},"end":{"line":27,"column":16}},"19":{"start":{"line":32,"column":0},"end":{"line":32,"column":32}}},"fnMap":{"0":{"name":"(anonymous_0)","decl":{"start":{"line":4,"column":23},"end":{"line":4,"column":24}},"loc":{"start":{"line":4,"column":49},"end":{"line":30,"column":1}},"line":4}},"branchMap":{"0":{"loc":{"start":{"line":7,"column":4},"end":{"line":7,"column":58}},"type":"if","locations":[{"start":{"line":7,"column":4},"end":{"line":7,"column":58}},{"start":{},"end":{}}],"line":7},"1":{"loc":{"start":{"line":10,"column":4},"end":{"line":10,"column":50}},"type":"if","locations":[{"start":{"line":10,"column":4},"end":{"line":10,"column":50}},{"start":{},"end":{}}],"line":10},"2":{"loc":{"start":{"line":15,"column":4},"end":{"line":15,"column":49}},"type":"if","locations":[{"start":{"line":15,"column":4},"end":{"line":15,"column":49}},{"start":{},"end":{}}],"line":15},"3":{"loc":{"start":{"line":24,"column":4},"end":{"line":28,"column":5}},"type":"if","locations":[{"start":{"line":24,"column":4},"end":{"line":28,"column":5}},{"start":{"line":26,"column":11},"end":{"line":28,"column":5}}],"line":24},"4":{"loc":{"start":{"line":24,"column":8},"end":{"line":24,"column":76}},"type":"binary-expr","locations":[{"start":{"line":24,"column":8},"end":{"line":24,"column":40}},{"start":{"line":24,"column":44},"end":{"line":24,"column":76}}],"line":24}},"s":{"0":1,"1":1,"2":1,"3":25,"4":25,"5":25,"6":1,"7":24,"8":24,"9":0,"10":24,"11":23,"12":22,"13":0,"14":22,"15":22,"16":3,"17":1,"18":2,"19":1},"f":{"0":25},"b":{"0":[1,24],"1":[0,24],"2":[0,22],"3":[1,2],"4":[3,2]},"_coverageSchema":"1a1c01bbd47fc00a2c39e90264f33305004495a9","hash":"12882bdef26eb07bfd4d4845803f919bc684f8ce"}
,"D:\\HACKTIVE8\\Phase2\\week3\\Body-Architect\\server\\middleware\\authorization.js": {"path":"D:\\HACKTIVE8\\Phase2\\week3\\Body-Architect\\server\\middleware\\authorization.js","statementMap":{"0":{"start":{"line":1,"column":37},"end":{"line":1,"column":57}},"1":{"start":{"line":3,"column":22},"end":{"line":29,"column":1}},"2":{"start":{"line":4,"column":2},"end":{"line":28,"column":3}},"3":{"start":{"line":5,"column":25},"end":{"line":5,"column":35}},"4":{"start":{"line":6,"column":19},"end":{"line":6,"column":30}},"5":{"start":{"line":10,"column":4},"end":{"line":17,"column":5}},"6":{"start":{"line":11,"column":6},"end":{"line":11,"column":72}},"7":{"start":{"line":12,"column":11},"end":{"line":17,"column":5}},"8":{"start":{"line":13,"column":6},"end":{"line":13,"column":75}},"9":{"start":{"line":16,"column":6},"end":{"line":16,"column":65}},"10":{"start":{"line":19,"column":4},"end":{"line":19,"column":42}},"11":{"start":{"line":19,"column":15},"end":{"line":19,"column":42}},"12":{"start":{"line":21,"column":4},"end":{"line":23,"column":5}},"13":{"start":{"line":22,"column":6},"end":{"line":22,"column":34}},"14":{"start":{"line":25,"column":4},"end":{"line":25,"column":11}},"15":{"start":{"line":27,"column":4},"end":{"line":27,"column":14}},"16":{"start":{"line":31,"column":0},"end":{"line":31,"column":31}}},"fnMap":{"0":{"name":"(anonymous_0)","decl":{"start":{"line":3,"column":22},"end":{"line":3,"column":23}},"loc":{"start":{"line":3,"column":48},"end":{"line":29,"column":1}},"line":3}},"branchMap":{"0":{"loc":{"start":{"line":10,"column":4},"end":{"line":17,"column":5}},"type":"if","locations":[{"start":{"line":10,"column":4},"end":{"line":17,"column":5}},{"start":{"line":12,"column":11},"end":{"line":17,"column":5}}],"line":10},"1":{"loc":{"start":{"line":12,"column":11},"end":{"line":17,"column":5}},"type":"if","locations":[{"start":{"line":12,"column":11},"end":{"line":17,"column":5}},{"start":{"line":14,"column":11},"end":{"line":17,"column":5}}],"line":12},"2":{"loc":{"start":{"line":19,"column":4},"end":{"line":19,"column":42}},"type":"if","locations":[{"start":{"line":19,"column":4},"end":{"line":19,"column":42}},{"start":{},"end":{}}],"line":19},"3":{"loc":{"start":{"line":21,"column":4},"end":{"line":23,"column":5}},"type":"if","locations":[{"start":{"line":21,"column":4},"end":{"line":23,"column":5}},{"start":{},"end":{}}],"line":21}},"s":{"0":1,"1":1,"2":5,"3":5,"4":5,"5":5,"6":3,"7":2,"8":1,"9":1,"10":4,"11":1,"12":3,"13":1,"14":2,"15":3,"16":1},"f":{"0":5},"b":{"0":[3,2],"1":[1,1],"2":[1,3],"3":[1,2]},"_coverageSchema":"1a1c01bbd47fc00a2c39e90264f33305004495a9","hash":"771ce70d74f78a80c4b1c319f59f966ddddbb93c"}
,"D:\\HACKTIVE8\\Phase2\\week3\\Body-Architect\\server\\middleware\\errorHandler.js": {"path":"D:\\HACKTIVE8\\Phase2\\week3\\Body-Architect\\server\\middleware\\errorHandler.js","statementMap":{"0":{"start":{"line":1,"column":21},"end":{"line":53,"column":1}},"1":{"start":{"line":4,"column":15},"end":{"line":4,"column":18}},"2":{"start":{"line":5,"column":16},"end":{"line":5,"column":39}},"3":{"start":{"line":7,"column":2},"end":{"line":50,"column":3}},"4":{"start":{"line":10,"column":6},"end":{"line":10,"column":19}},"5":{"start":{"line":11,"column":6},"end":{"line":11,"column":38}},"6":{"start":{"line":12,"column":6},"end":{"line":12,"column":12}},"7":{"start":{"line":15,"column":6},"end":{"line":15,"column":19}},"8":{"start":{"line":16,"column":6},"end":{"line":16,"column":43}},"9":{"start":{"line":17,"column":6},"end":{"line":17,"column":12}},"10":{"start":{"line":20,"column":6},"end":{"line":20,"column":19}},"11":{"start":{"line":21,"column":6},"end":{"line":21,"column":45}},"12":{"start":{"line":22,"column":6},"end":{"line":22,"column":12}},"13":{"start":{"line":26,"column":6},"end":{"line":26,"column":19}},"14":{"start":{"line":27,"column":6},"end":{"line":27,"column":32}},"15":{"start":{"line":28,"column":6},"end":{"line":28,"column":12}},"16":{"start":{"line":31,"column":6},"end":{"line":31,"column":19}},"17":{"start":{"line":32,"column":6},"end":{"line":32,"column":41}},"18":{"start":{"line":33,"column":6},"end":{"line":33,"column":12}},"19":{"start":{"line":36,"column":6},"end":{"line":36,"column":19}},"20":{"start":{"line":37,"column":6},"end":{"line":37,"column":33}},"21":{"start":{"line":38,"column":6},"end":{"line":38,"column":12}},"22":{"start":{"line":42,"column":6},"end":{"line":42,"column":19}},"23":{"start":{"line":43,"column":6},"end":{"line":43,"column":45}},"24":{"start":{"line":44,"column":6},"end":{"line":44,"column":12}},"25":{"start":{"line":47,"column":6},"end":{"line":47,"column":19}},"26":{"start":{"line":48,"column":6},"end":{"line":48,"column":40}},"27":{"start":{"line":49,"column":6},"end":{"line":49,"column":12}},"28":{"start":{"line":52,"column":2},"end":{"line":52,"column":39}},"29":{"start":{"line":55,"column":0},"end":{"line":55,"column":30}}},"fnMap":{"0":{"name":"(anonymous_0)","decl":{"start":{"line":1,"column":21},"end":{"line":1,"column":22}},"loc":{"start":{"line":1,"column":46},"end":{"line":53,"column":1}},"line":1}},"branchMap":{"0":{"loc":{"start":{"line":7,"column":2},"end":{"line":50,"column":3}},"type":"switch","locations":[{"start":{"line":8,"column":4},"end":{"line":8,"column":36}},{"start":{"line":9,"column":4},"end":{"line":12,"column":12}},{"start":{"line":14,"column":4},"end":{"line":17,"column":12}},{"start":{"line":19,"column":4},"end":{"line":22,"column":12}},{"start":{"line":24,"column":4},"end":{"line":24,"column":27}},{"start":{"line":25,"column":4},"end":{"line":28,"column":12}},{"start":{"line":30,"column":4},"end":{"line":33,"column":12}},{"start":{"line":35,"column":4},"end":{"line":38,"column":12}},{"start":{"line":40,"column":4},"end":{"line":40,"column":27}},{"start":{"line":41,"column":4},"end":{"line":44,"column":12}},{"start":{"line":46,"column":4},"end":{"line":49,"column":12}}],"line":7},"1":{"loc":{"start":{"line":21,"column":16},"end":{"line":21,"column":44}},"type":"binary-expr","locations":[{"start":{"line":21,"column":16},"end":{"line":21,"column":27}},{"start":{"line":21,"column":31},"end":{"line":21,"column":44}}],"line":21}},"s":{"0":1,"1":16,"2":16,"3":16,"4":2,"5":2,"6":2,"7":1,"8":1,"9":1,"10":2,"11":2,"12":2,"13":5,"14":5,"15":5,"16":2,"17":2,"18":2,"19":2,"20":2,"21":2,"22":1,"23":1,"24":1,"25":1,"26":1,"27":1,"28":16,"29":1},"f":{"0":16},"b":{"0":[2,2,1,2,5,5,2,2,1,1,1],"1":[2,0]},"_coverageSchema":"1a1c01bbd47fc00a2c39e90264f33305004495a9","hash":"44f35b7a1a6d09b6d5ecc2f645ca379ebbb28d16"}
,"D:\\HACKTIVE8\\Phase2\\week3\\Body-Architect\\server\\middleware\\guardAdmin.js": {"path":"D:\\HACKTIVE8\\Phase2\\week3\\Body-Architect\\server\\middleware\\guardAdmin.js","statementMap":{"0":{"start":{"line":1,"column":19},"end":{"line":7,"column":1}},"1":{"start":{"line":2,"column":2},"end":{"line":6,"column":3}},"2":{"start":{"line":3,"column":4},"end":{"line":3,"column":11}},"3":{"start":{"line":5,"column":4},"end":{"line":5,"column":69}},"4":{"start":{"line":8,"column":0},"end":{"line":8,"column":28}}},"fnMap":{"0":{"name":"(anonymous_0)","decl":{"start":{"line":1,"column":19},"end":{"line":1,"column":20}},"loc":{"start":{"line":1,"column":39},"end":{"line":7,"column":1}},"line":1}},"branchMap":{"0":{"loc":{"start":{"line":2,"column":2},"end":{"line":6,"column":3}},"type":"if","locations":[{"start":{"line":2,"column":2},"end":{"line":6,"column":3}},{"start":{"line":4,"column":9},"end":{"line":6,"column":3}}],"line":2},"1":{"loc":{"start":{"line":2,"column":6},"end":{"line":2,"column":43}},"type":"binary-expr","locations":[{"start":{"line":2,"column":6},"end":{"line":2,"column":14}},{"start":{"line":2,"column":18},"end":{"line":2,"column":43}}],"line":2}},"s":{"0":1,"1":5,"2":4,"3":1,"4":1},"f":{"0":5},"b":{"0":[4,1],"1":[5,5]},"_coverageSchema":"1a1c01bbd47fc00a2c39e90264f33305004495a9","hash":"4cb19c32123ecbc1a78a69abed88499b870f2855"}
,"D:\\HACKTIVE8\\Phase2\\week3\\Body-Architect\\server\\middleware\\requestActivity.js": {"path":"D:\\HACKTIVE8\\Phase2\\week3\\Body-Architect\\server\\middleware\\requestActivity.js","statementMap":{"0":{"start":{"line":1,"column":24},"end":{"line":4,"column":1}},"1":{"start":{"line":2,"column":2},"end":{"line":2,"column":35}},"2":{"start":{"line":3,"column":2},"end":{"line":3,"column":9}},"3":{"start":{"line":6,"column":0},"end":{"line":6,"column":33}}},"fnMap":{"0":{"name":"(anonymous_0)","decl":{"start":{"line":1,"column":24},"end":{"line":1,"column":25}},"loc":{"start":{"line":1,"column":44},"end":{"line":4,"column":1}},"line":1}},"branchMap":{},"s":{"0":1,"1":41,"2":41,"3":1},"f":{"0":41},"b":{},"_coverageSchema":"1a1c01bbd47fc00a2c39e90264f33305004495a9","hash":"4b56dd86c815199f4ac1e75c6ec8f017c8bf22af"}
,"D:\\HACKTIVE8\\Phase2\\week3\\Body-Architect\\server\\models\\dailyplan.js": {"path":"D:\\HACKTIVE8\\Phase2\\week3\\Body-Architect\\server\\models\\dailyplan.js","statementMap":{"0":{"start":{"line":2,"column":18},"end":{"line":2,"column":38}},"1":{"start":{"line":3,"column":0},"end":{"line":25,"column":2}},"2":{"start":{"line":6,"column":6},"end":{"line":6,"column":65}},"3":{"start":{"line":7,"column":6},"end":{"line":7,"column":68}},"4":{"start":{"line":8,"column":6},"end":{"line":8,"column":71}},"5":{"start":{"line":11,"column":2},"end":{"line":23,"column":4}},"6":{"start":{"line":24,"column":2},"end":{"line":24,"column":19}}},"fnMap":{"0":{"name":"(anonymous_0)","decl":{"start":{"line":3,"column":17},"end":{"line":3,"column":18}},"loc":{"start":{"line":3,"column":43},"end":{"line":25,"column":1}},"line":3},"1":{"name":"(anonymous_1)","decl":{"start":{"line":5,"column":4},"end":{"line":5,"column":5}},"loc":{"start":{"line":5,"column":29},"end":{"line":9,"column":5}},"line":5}},"branchMap":{},"s":{"0":1,"1":1,"2":1,"3":1,"4":1,"5":1,"6":1},"f":{"0":1,"1":1},"b":{},"_coverageSchema":"1a1c01bbd47fc00a2c39e90264f33305004495a9","hash":"bc9a3aff01a2a34213fc57b4f7dadd5bf8160f11"}
,"D:\\HACKTIVE8\\Phase2\\week3\\Body-Architect\\server\\models\\index.js": {"path":"D:\\HACKTIVE8\\Phase2\\week3\\Body-Architect\\server\\models\\index.js","statementMap":{"0":{"start":{"line":3,"column":11},"end":{"line":3,"column":24}},"1":{"start":{"line":4,"column":13},"end":{"line":4,"column":28}},"2":{"start":{"line":5,"column":18},"end":{"line":5,"column":38}},"3":{"start":{"line":6,"column":16},"end":{"line":6,"column":34}},"4":{"start":{"line":7,"column":17},"end":{"line":7,"column":42}},"5":{"start":{"line":8,"column":12},"end":{"line":8,"column":49}},"6":{"start":{"line":9,"column":15},"end":{"line":9,"column":65}},"7":{"start":{"line":10,"column":11},"end":{"line":10,"column":13}},"8":{"start":{"line":13,"column":0},"end":{"line":17,"column":1}},"9":{"start":{"line":14,"column":2},"end":{"line":14,"column":74}},"10":{"start":{"line":16,"column":2},"end":{"line":16,"column":87}},"11":{"start":{"line":19,"column":0},"end":{"line":32,"column":5}},"12":{"start":{"line":22,"column":4},"end":{"line":27,"column":6}},"13":{"start":{"line":30,"column":18},"end":{"line":30,"column":85}},"14":{"start":{"line":31,"column":4},"end":{"line":31,"column":27}},"15":{"start":{"line":34,"column":0},"end":{"line":38,"column":3}},"16":{"start":{"line":35,"column":2},"end":{"line":37,"column":3}},"17":{"start":{"line":36,"column":4},"end":{"line":36,"column":32}},"18":{"start":{"line":40,"column":0},"end":{"line":40,"column":25}},"19":{"start":{"line":41,"column":0},"end":{"line":41,"column":25}},"20":{"start":{"line":43,"column":0},"end":{"line":43,"column":20}}},"fnMap":{"0":{"name":"(anonymous_0)","decl":{"start":{"line":21,"column":10},"end":{"line":21,"column":11}},"loc":{"start":{"line":21,"column":18},"end":{"line":28,"column":3}},"line":21},"1":{"name":"(anonymous_1)","decl":{"start":{"line":29,"column":11},"end":{"line":29,"column":12}},"loc":{"start":{"line":29,"column":19},"end":{"line":32,"column":3}},"line":29},"2":{"name":"(anonymous_2)","decl":{"start":{"line":34,"column":24},"end":{"line":34,"column":25}},"loc":{"start":{"line":34,"column":37},"end":{"line":38,"column":1}},"line":34}},"branchMap":{"0":{"loc":{"start":{"line":8,"column":12},"end":{"line":8,"column":49}},"type":"binary-expr","locations":[{"start":{"line":8,"column":12},"end":{"line":8,"column":32}},{"start":{"line":8,"column":36},"end":{"line":8,"column":49}}],"line":8},"1":{"loc":{"start":{"line":13,"column":0},"end":{"line":17,"column":1}},"type":"if","locations":[{"start":{"line":13,"column":0},"end":{"line":17,"column":1}},{"start":{"line":15,"column":7},"end":{"line":17,"column":1}}],"line":13},"2":{"loc":{"start":{"line":23,"column":6},"end":{"line":26,"column":37}},"type":"binary-expr","locations":[{"start":{"line":23,"column":6},"end":{"line":23,"column":29}},{"start":{"line":24,"column":6},"end":{"line":24,"column":23}},{"start":{"line":25,"column":6},"end":{"line":25,"column":30}},{"start":{"line":26,"column":6},"end":{"line":26,"column":37}}],"line":23},"3":{"loc":{"start":{"line":35,"column":2},"end":{"line":37,"column":3}},"type":"if","locations":[{"start":{"line":35,"column":2},"end":{"line":37,"column":3}},{"start":{},"end":{}}],"line":35}},"s":{"0":1,"1":1,"2":1,"3":1,"4":1,"5":1,"6":1,"7":1,"8":1,"9":0,"10":1,"11":1,"12":5,"13":4,"14":4,"15":1,"16":4,"17":4,"18":1,"19":1,"20":1},"f":{"0":5,"1":4,"2":4},"b":{"0":[1,0],"1":[0,1],"2":[5,5,4,4],"3":[4,0]},"_coverageSchema":"1a1c01bbd47fc00a2c39e90264f33305004495a9","hash":"08355de1a2d16497f345fab60a71a3e370a10db7"}
,"D:\\HACKTIVE8\\Phase2\\week3\\Body-Architect\\server\\models\\meal.js": {"path":"D:\\HACKTIVE8\\Phase2\\week3\\Body-Architect\\server\\models\\meal.js","statementMap":{"0":{"start":{"line":2,"column":18},"end":{"line":2,"column":38}},"1":{"start":{"line":3,"column":0},"end":{"line":29,"column":2}},"2":{"start":{"line":6,"column":6},"end":{"line":6,"column":70}},"3":{"start":{"line":9,"column":2},"end":{"line":27,"column":4}},"4":{"start":{"line":28,"column":2},"end":{"line":28,"column":14}}},"fnMap":{"0":{"name":"(anonymous_0)","decl":{"start":{"line":3,"column":17},"end":{"line":3,"column":18}},"loc":{"start":{"line":3,"column":43},"end":{"line":29,"column":1}},"line":3},"1":{"name":"(anonymous_1)","decl":{"start":{"line":5,"column":4},"end":{"line":5,"column":5}},"loc":{"start":{"line":5,"column":29},"end":{"line":7,"column":5}},"line":5}},"branchMap":{},"s":{"0":1,"1":1,"2":1,"3":1,"4":1},"f":{"0":1,"1":1},"b":{},"_coverageSchema":"1a1c01bbd47fc00a2c39e90264f33305004495a9","hash":"8d6dea28cb4bbb5a78556c8a4073541450533ad5"}
,"D:\\HACKTIVE8\\Phase2\\week3\\Body-Architect\\server\\models\\user.js": {"path":"D:\\HACKTIVE8\\Phase2\\week3\\Body-Architect\\server\\models\\user.js","statementMap":{"0":{"start":{"line":2,"column":18},"end":{"line":2,"column":38}},"1":{"start":{"line":3,"column":15},"end":{"line":3,"column":34}},"2":{"start":{"line":5,"column":0},"end":{"line":101,"column":2}},"3":{"start":{"line":8,"column":6},"end":{"line":12,"column":9}},"4":{"start":{"line":15,"column":2},"end":{"line":99,"column":4}},"5":{"start":{"line":94,"column":23},"end":{"line":94,"column":45}},"6":{"start":{"line":95,"column":10},"end":{"line":95,"column":63}},"7":{"start":{"line":100,"column":2},"end":{"line":100,"column":14}}},"fnMap":{"0":{"name":"(anonymous_0)","decl":{"start":{"line":5,"column":17},"end":{"line":5,"column":18}},"loc":{"start":{"line":5,"column":43},"end":{"line":101,"column":1}},"line":5},"1":{"name":"(anonymous_1)","decl":{"start":{"line":7,"column":4},"end":{"line":7,"column":5}},"loc":{"start":{"line":7,"column":29},"end":{"line":13,"column":5}},"line":7},"2":{"name":"(anonymous_2)","decl":{"start":{"line":93,"column":22},"end":{"line":93,"column":23}},"loc":{"start":{"line":93,"column":41},"end":{"line":96,"column":9}},"line":93}},"branchMap":{},"s":{"0":1,"1":1,"2":1,"3":1,"4":1,"5":6,"6":6,"7":1},"f":{"0":1,"1":1,"2":6},"b":{},"_coverageSchema":"1a1c01bbd47fc00a2c39e90264f33305004495a9","hash":"fb653e0b8064bbf51722395dfe17bc770893e71a"}
,"D:\\HACKTIVE8\\Phase2\\week3\\Body-Architect\\server\\models\\workout.js": {"path":"D:\\HACKTIVE8\\Phase2\\week3\\Body-Architect\\server\\models\\workout.js","statementMap":{"0":{"start":{"line":2,"column":18},"end":{"line":2,"column":38}},"1":{"start":{"line":3,"column":0},"end":{"line":28,"column":2}},"2":{"start":{"line":6,"column":6},"end":{"line":6,"column":73}},"3":{"start":{"line":9,"column":2},"end":{"line":26,"column":4}},"4":{"start":{"line":27,"column":2},"end":{"line":27,"column":17}}},"fnMap":{"0":{"name":"(anonymous_0)","decl":{"start":{"line":3,"column":17},"end":{"line":3,"column":18}},"loc":{"start":{"line":3,"column":43},"end":{"line":28,"column":1}},"line":3},"1":{"name":"(anonymous_1)","decl":{"start":{"line":5,"column":4},"end":{"line":5,"column":5}},"loc":{"start":{"line":5,"column":29},"end":{"line":7,"column":5}},"line":5}},"branchMap":{},"s":{"0":1,"1":1,"2":1,"3":1,"4":1},"f":{"0":1,"1":1},"b":{},"_coverageSchema":"1a1c01bbd47fc00a2c39e90264f33305004495a9","hash":"d483623844cddbe7eb6415a18d63a298c4cfc5ae"}
}
