TN:
SF:app.js
FN:68,(anonymous_0)
FNF:1
FNH:0
FNDA:0,(anonymous_0)
DA:1,1
DA:2,1
DA:5,1
DA:6,1
DA:7,1
DA:8,1
DA:10,1
DA:11,1
DA:12,1
DA:13,1
DA:14,1
DA:15,1
DA:16,1
DA:19,1
DA:20,1
DA:21,1
DA:22,1
DA:35,1
DA:36,1
DA:37,1
DA:38,1
DA:41,1
DA:44,1
DA:45,1
DA:46,1
DA:49,1
DA:50,1
DA:51,1
DA:52,1
DA:53,1
DA:54,1
DA:61,1
DA:62,1
DA:63,1
DA:65,1
DA:67,1
DA:68,0
DA:69,0
DA:73,1
LF:39
LH:37
BRDA:1,0,0,1
BRDA:1,0,1,0
BRDA:8,1,0,1
BRDA:8,1,1,0
BRDA:67,2,0,0
BRDA:67,2,1,1
BRF:6
BRH:3
end_of_record
TN:
SF:controllers\PlanController.js
FN:10,(anonymous_0)
FN:70,(anonymous_1)
FN:105,(anonymous_2)
FN:107,(anonymous_3)
FN:111,(anonymous_4)
FN:133,(anonymous_5)
FN:137,(anonymous_6)
FN:160,(anonymous_7)
FN:194,(anonymous_8)
FN:212,(anonymous_9)
FN:250,(anonymous_10)
FN:263,(anonymous_11)
FN:279,(anonymous_12)
FN:294,(anonymous_13)
FN:328,(anonymous_14)
FNF:15
FNH:15
FNDA:6,(anonymous_0)
FNDA:2,(anonymous_1)
FNDA:1,(anonymous_2)
FNDA:1,(anonymous_3)
FNDA:1,(anonymous_4)
FNDA:1,(anonymous_5)
FNDA:1,(anonymous_6)
FNDA:3,(anonymous_7)
FNDA:28,(anonymous_8)
FNDA:42,(anonymous_9)
FNDA:1,(anonymous_10)
FNDA:2,(anonymous_11)
FNDA:1,(anonymous_12)
FNDA:1,(anonymous_13)
FNDA:2,(anonymous_14)
DA:1,1
DA:5,1
DA:6,1
DA:11,6
DA:12,6
DA:14,6
DA:22,6
DA:23,1
DA:27,6
DA:28,1
DA:32,6
DA:33,4
DA:35,1
DA:36,1
DA:38,1
DA:39,1
DA:41,1
DA:42,1
DA:44,1
DA:45,1
DA:47,0
DA:50,2
DA:53,6
DA:55,6
DA:65,0
DA:71,2
DA:72,2
DA:74,2
DA:75,1
DA:76,1
DA:79,1
DA:86,1
DA:94,1
DA:97,1
DA:98,1
DA:99,1
DA:101,1
DA:102,1
DA:103,1
DA:105,1
DA:106,1
DA:107,1
DA:110,1
DA:112,1
DA:116,1
DA:117,1
DA:123,1
DA:124,1
DA:129,1
DA:130,1
DA:131,1
DA:132,1
DA:133,1
DA:136,1
DA:137,1
DA:142,1
DA:155,0
DA:161,3
DA:162,3
DA:163,3
DA:166,3
DA:171,3
DA:172,1
DA:178,2
DA:181,2
DA:182,14
DA:184,14
DA:185,14
DA:187,14
DA:194,14
DA:195,28
DA:208,14
DA:211,14
DA:213,42
DA:214,42
DA:215,42
DA:226,0
DA:239,14
DA:242,2
DA:244,1
DA:245,1
DA:251,1
DA:252,1
DA:257,1
DA:259,0
DA:264,2
DA:265,2
DA:266,2
DA:273,1
DA:275,1
DA:280,1
DA:281,1
DA:282,1
DA:283,1
DA:286,1
DA:287,1
DA:288,1
DA:290,0
DA:295,1
DA:296,1
DA:297,1
DA:300,1
DA:301,1
DA:302,1
DA:304,0
DA:329,2
DA:330,2
DA:331,2
DA:333,2
DA:334,1
DA:335,1
DA:336,1
DA:338,0
DA:341,2
DA:343,0
DA:348,1
LF:116
LH:107
BRDA:12,0,0,6
BRDA:12,1,0,6
BRDA:22,2,0,1
BRDA:22,2,1,5
BRDA:27,3,0,1
BRDA:27,3,1,5
BRDA:32,4,0,4
BRDA:32,4,1,2
BRDA:33,5,0,1
BRDA:33,5,1,1
BRDA:33,5,2,1
BRDA:33,5,3,1
BRDA:33,5,4,0
BRDA:74,6,0,1
BRDA:74,6,1,1
BRDA:94,7,0,1
BRDA:94,7,1,0
BRDA:101,8,0,1
BRDA:101,8,1,0
BRDA:107,9,0,0
BRDA:107,9,1,1
BRDA:112,10,0,0
BRDA:112,10,1,1
BRDA:131,11,0,1
BRDA:131,11,1,0
BRDA:133,12,0,0
BRDA:133,12,1,1
BRDA:137,13,0,0
BRDA:137,13,1,1
BRDA:151,14,0,1
BRDA:151,14,1,0
BRDA:171,15,0,1
BRDA:171,15,1,2
BRDA:171,16,0,3
BRDA:171,16,1,3
BRDA:199,17,0,28
BRDA:199,17,1,0
BRDA:200,18,0,28
BRDA:200,18,1,0
BRDA:201,19,0,28
BRDA:201,19,1,0
BRDA:268,20,0,2
BRDA:268,20,1,0
BRDA:269,21,0,2
BRDA:269,21,1,2
BRDA:286,22,0,0
BRDA:286,22,1,1
BRDA:300,23,0,0
BRDA:300,23,1,1
BRDA:333,24,0,1
BRDA:333,24,1,1
BRDA:335,25,0,1
BRDA:335,25,1,0
BRF:53
BRH:37
end_of_record
TN:
SF:controllers\UserController.js
FN:8,(anonymous_0)
FN:43,(anonymous_1)
FN:65,(anonymous_2)
FN:99,(anonymous_3)
FN:110,(anonymous_4)
FN:131,(anonymous_5)
FN:147,(anonymous_6)
FN:167,(anonymous_7)
FN:189,(anonymous_8)
FNF:9
FNH:9
FNDA:3,(anonymous_0)
FNDA:4,(anonymous_1)
FNDA:3,(anonymous_2)
FNDA:1,(anonymous_3)
FNDA:1,(anonymous_4)
FNDA:1,(anonymous_5)
FNDA:6,(anonymous_6)
FNDA:1,(anonymous_7)
FNDA:2,(anonymous_8)
DA:2,1
DA:3,1
DA:4,1
DA:5,1
DA:9,3
DA:20,3
DA:21,3
DA:33,1
DA:39,2
DA:44,4
DA:45,4
DA:46,4
DA:47,1
DA:48,3
DA:49,3
DA:50,2
DA:51,1
DA:52,1
DA:57,1
DA:61,3
DA:66,3
DA:67,3
DA:68,3
DA:69,2
DA:70,2
DA:71,2
DA:72,2
DA:86,2
DA:91,2
DA:95,1
DA:100,1
DA:101,1
DA:104,1
DA:106,0
DA:111,1
DA:113,1
DA:114,1
DA:115,1
DA:124,1
DA:126,0
DA:132,1
DA:133,1
DA:147,1
DA:148,6
DA:149,6
DA:152,6
DA:160,1
DA:162,0
DA:163,0
DA:168,1
DA:169,1
DA:171,1
DA:172,1
DA:173,1
DA:174,1
DA:183,1
DA:185,0
DA:190,2
DA:191,2
DA:192,2
DA:193,2
DA:194,1
DA:195,1
DA:197,1
DA:202,1
LF:65
LH:60
BRDA:46,0,0,1
BRDA:46,0,1,3
BRDA:46,1,0,4
BRDA:46,1,1,3
BRDA:49,2,0,1
BRDA:49,2,1,2
BRDA:50,3,0,1
BRDA:50,3,1,1
BRDA:71,4,0,2
BRDA:71,4,1,0
BRDA:148,5,0,6
BRDA:148,5,1,6
BRDA:149,6,0,2
BRDA:149,6,1,4
BRDA:155,7,0,2
BRDA:155,7,1,4
BRDA:173,8,0,0
BRDA:173,8,1,1
BRDA:193,9,0,1
BRDA:193,9,1,1
BRF:20
BRH:18
end_of_record
TN:
SF:helpers\bcrypt.js
FN:3,(anonymous_0)
FNF:1
FNH:1
FNDA:2,(anonymous_0)
DA:1,1
DA:3,1
DA:4,2
DA:7,1
LF:4
LH:4
BRF:0
BRH:0
end_of_record
TN:
SF:helpers\jwt.js
FN:4,(anonymous_0)
FN:8,(anonymous_1)
FNF:2
FNH:2
FNDA:5,(anonymous_0)
FNDA:24,(anonymous_1)
DA:1,1
DA:2,1
DA:4,1
DA:5,5
DA:8,1
DA:9,24
DA:12,1
LF:7
LH:7
BRDA:2,0,0,1
BRDA:2,0,1,0
BRF:2
BRH:1
end_of_record
TN:
SF:helpers\thirdParty.js
FN:45,(anonymous_0)
FN:62,(anonymous_1)
FN:77,(anonymous_2)
FN:131,(anonymous_3)
FNF:4
FNH:4
FNDA:42,(anonymous_0)
FNDA:21,(anonymous_1)
FNDA:3,(anonymous_2)
FNDA:3,(anonymous_3)
DA:1,1
DA:2,1
DA:3,1
DA:5,1
DA:7,1
DA:12,1
DA:14,1
DA:45,1
DA:46,42
DA:47,42
DA:60,21
DA:61,21
DA:62,21
DA:64,21
DA:66,0
DA:67,0
DA:68,0
DA:70,21
DA:71,7
DA:72,14
DA:77,1
DA:78,3
DA:79,3
DA:81,3
DA:85,3
DA:115,3
DA:116,3
DA:117,3
DA:118,3
DA:123,3
DA:125,1
DA:127,1
DA:131,1
DA:132,3
DA:133,3
DA:137,2
DA:139,1
DA:143,1
LF:38
LH:35
BRDA:60,0,0,21
BRDA:60,0,1,0
BRDA:60,1,0,21
BRDA:60,1,1,21
BRDA:64,2,0,21
BRDA:64,2,1,0
BRDA:66,3,0,0
BRDA:66,3,1,0
BRDA:70,4,0,7
BRDA:70,4,1,14
BRDA:77,5,0,3
BRDA:78,6,0,3
BRDA:78,6,1,0
BRDA:79,7,0,3
BRDA:79,7,1,0
BRDA:81,8,0,0
BRDA:81,8,1,3
BRF:17
BRH:10
end_of_record
TN:
SF:middleware\authentication.js
FN:4,(anonymous_0)
FNF:1
FNH:1
FNDA:25,(anonymous_0)
DA:1,1
DA:2,1
DA:4,1
DA:5,25
DA:6,25
DA:7,25
DA:9,24
DA:10,24
DA:12,24
DA:14,23
DA:15,22
DA:17,22
DA:22,22
DA:24,3
DA:25,1
DA:27,2
DA:32,1
LF:17
LH:17
BRDA:7,0,0,1
BRDA:7,0,1,24
BRDA:10,1,0,0
BRDA:10,1,1,24
BRDA:15,2,0,0
BRDA:15,2,1,22
BRDA:24,3,0,1
BRDA:24,3,1,2
BRDA:24,4,0,3
BRDA:24,4,1,2
BRF:10
BRH:8
end_of_record
TN:
SF:middleware\authorization.js
FN:3,(anonymous_0)
FNF:1
FNH:1
FNDA:5,(anonymous_0)
DA:1,1
DA:3,1
DA:4,5
DA:5,5
DA:6,5
DA:10,5
DA:11,3
DA:12,2
DA:13,1
DA:16,1
DA:19,4
DA:21,3
DA:22,1
DA:25,2
DA:27,3
DA:31,1
LF:16
LH:16
BRDA:10,0,0,3
BRDA:10,0,1,2
BRDA:12,1,0,1
BRDA:12,1,1,1
BRDA:19,2,0,1
BRDA:19,2,1,3
BRDA:21,3,0,1
BRDA:21,3,1,2
BRF:8
BRH:8
end_of_record
TN:
SF:middleware\errorHandler.js
FN:1,(anonymous_0)
FNF:1
FNH:1
FNDA:16,(anonymous_0)
DA:1,1
DA:4,16
DA:5,16
DA:7,16
DA:10,2
DA:11,2
DA:12,2
DA:15,1
DA:16,1
DA:17,1
DA:20,2
DA:21,2
DA:22,2
DA:26,5
DA:27,5
DA:28,5
DA:31,2
DA:32,2
DA:33,2
DA:36,2
DA:37,2
DA:38,2
DA:42,1
DA:43,1
DA:44,1
DA:47,1
DA:48,1
DA:49,1
DA:52,16
DA:55,1
LF:30
LH:30
BRDA:7,0,0,2
BRDA:7,0,1,2
BRDA:7,0,2,1
BRDA:7,0,3,2
BRDA:7,0,4,5
BRDA:7,0,5,5
BRDA:7,0,6,2
BRDA:7,0,7,2
BRDA:7,0,8,1
BRDA:7,0,9,1
BRDA:7,0,10,1
BRDA:21,1,0,2
BRDA:21,1,1,0
BRF:13
BRH:12
end_of_record
TN:
SF:middleware\guardAdmin.js
FN:1,(anonymous_0)
FNF:1
FNH:1
FNDA:5,(anonymous_0)
DA:1,1
DA:2,5
DA:3,4
DA:5,1
DA:8,1
LF:5
LH:5
BRDA:2,0,0,4
BRDA:2,0,1,1
BRDA:2,1,0,5
BRDA:2,1,1,5
BRF:4
BRH:4
end_of_record
TN:
SF:middleware\requestActivity.js
FN:1,(anonymous_0)
FNF:1
FNH:1
FNDA:41,(anonymous_0)
DA:1,1
DA:2,41
DA:3,41
DA:6,1
LF:4
LH:4
BRF:0
BRH:0
end_of_record
TN:
SF:models\dailyplan.js
FN:3,(anonymous_0)
FN:5,(anonymous_1)
FNF:2
FNH:2
FNDA:1,(anonymous_0)
FNDA:1,(anonymous_1)
DA:2,1
DA:3,1
DA:6,1
DA:7,1
DA:8,1
DA:11,1
DA:24,1
LF:7
LH:7
BRF:0
BRH:0
end_of_record
TN:
SF:models\index.js
FN:21,(anonymous_0)
FN:29,(anonymous_1)
FN:34,(anonymous_2)
FNF:3
FNH:3
FNDA:5,(anonymous_0)
FNDA:4,(anonymous_1)
FNDA:4,(anonymous_2)
DA:3,1
DA:4,1
DA:5,1
DA:6,1
DA:7,1
DA:8,1
DA:9,1
DA:10,1
DA:13,1
DA:14,0
DA:16,1
DA:19,1
DA:22,5
DA:30,4
DA:31,4
DA:34,1
DA:35,4
DA:36,4
DA:40,1
DA:41,1
DA:43,1
LF:21
LH:20
BRDA:8,0,0,1
BRDA:8,0,1,0
BRDA:13,1,0,0
BRDA:13,1,1,1
BRDA:23,2,0,5
BRDA:23,2,1,5
BRDA:23,2,2,4
BRDA:23,2,3,4
BRDA:35,3,0,4
BRDA:35,3,1,0
BRF:10
BRH:7
end_of_record
TN:
SF:models\meal.js
FN:3,(anonymous_0)
FN:5,(anonymous_1)
FNF:2
FNH:2
FNDA:1,(anonymous_0)
FNDA:1,(anonymous_1)
DA:2,1
DA:3,1
DA:6,1
DA:9,1
DA:28,1
LF:5
LH:5
BRF:0
BRH:0
end_of_record
TN:
SF:models\user.js
FN:5,(anonymous_0)
FN:7,(anonymous_1)
FN:93,(anonymous_2)
FNF:3
FNH:3
FNDA:1,(anonymous_0)
FNDA:1,(anonymous_1)
FNDA:6,(anonymous_2)
DA:2,1
DA:3,1
DA:5,1
DA:8,1
DA:15,1
DA:94,6
DA:95,6
DA:100,1
LF:8
LH:8
BRF:0
BRH:0
end_of_record
TN:
SF:models\workout.js
FN:3,(anonymous_0)
FN:5,(anonymous_1)
FNF:2
FNH:2
FNDA:1,(anonymous_0)
FNDA:1,(anonymous_1)
DA:2,1
DA:3,1
DA:6,1
DA:9,1
DA:27,1
LF:5
LH:5
BRF:0
BRH:0
end_of_record
