TN:
SF:app.js
FN:68,(anonymous_0)
FNF:1
FNH:0
FNDA:0,(anonymous_0)
DA:1,1
DA:2,1
DA:5,1
DA:6,1
DA:7,1
DA:8,1
DA:10,1
DA:11,1
DA:12,1
DA:13,1
DA:14,1
DA:15,1
DA:16,1
DA:19,1
DA:20,1
DA:21,1
DA:22,1
DA:35,1
DA:36,1
DA:37,1
DA:38,1
DA:41,1
DA:44,1
DA:45,1
DA:46,1
DA:49,1
DA:50,1
DA:51,1
DA:52,1
DA:53,1
DA:54,1
DA:61,1
DA:62,1
DA:63,1
DA:65,1
DA:67,1
DA:68,0
DA:69,0
DA:73,1
LF:39
LH:37
BRDA:1,0,0,1
BRDA:1,0,1,0
BRDA:8,1,0,1
BRDA:8,1,1,1
BRDA:67,2,0,0
BRDA:67,2,1,1
BRF:6
BRH:4
end_of_record
TN:
SF:controllers\PlanController.js
FN:10,(anonymous_0)
FN:70,(anonymous_1)
FN:105,(anonymous_2)
FN:107,(anonymous_3)
FN:111,(anonymous_4)
FN:133,(anonymous_5)
FN:137,(anonymous_6)
FN:160,(anonymous_7)
FN:194,(anonymous_8)
FN:212,(anonymous_9)
FN:250,(anonymous_10)
FN:263,(anonymous_11)
FN:279,(anonymous_12)
FN:294,(anonymous_13)
FN:328,(anonymous_14)
FNF:15
FNH:10
FNDA:5,(anonymous_0)
FNDA:2,(anonymous_1)
FNDA:0,(anonymous_2)
FNDA:0,(anonymous_3)
FNDA:0,(anonymous_4)
FNDA:0,(anonymous_5)
FNDA:0,(anonymous_6)
FNDA:1,(anonymous_7)
FNDA:21,(anonymous_8)
FNDA:21,(anonymous_9)
FNDA:2,(anonymous_10)
FNDA:1,(anonymous_11)
FNDA:2,(anonymous_12)
FNDA:2,(anonymous_13)
FNDA:2,(anonymous_14)
DA:1,1
DA:5,1
DA:6,1
DA:11,5
DA:12,5
DA:14,5
DA:22,5
DA:23,1
DA:27,5
DA:28,1
DA:32,5
DA:33,4
DA:35,1
DA:36,1
DA:38,1
DA:39,1
DA:41,1
DA:42,1
DA:44,1
DA:45,1
DA:47,0
DA:50,1
DA:53,5
DA:55,5
DA:65,0
DA:71,2
DA:72,2
DA:74,2
DA:75,1
DA:76,1
DA:79,1
DA:86,1
DA:94,1
DA:97,1
DA:98,1
DA:99,1
DA:101,1
DA:102,0
DA:103,0
DA:105,0
DA:106,0
DA:107,0
DA:110,0
DA:112,0
DA:116,0
DA:117,0
DA:123,0
DA:124,0
DA:129,1
DA:130,1
DA:131,1
DA:132,0
DA:133,0
DA:136,0
DA:137,0
DA:142,1
DA:155,0
DA:161,1
DA:162,1
DA:163,1
DA:166,1
DA:171,1
DA:172,0
DA:178,1
DA:181,1
DA:182,7
DA:184,7
DA:185,7
DA:187,7
DA:194,7
DA:195,21
DA:208,7
DA:211,7
DA:213,21
DA:214,21
DA:215,21
DA:226,0
DA:239,7
DA:242,1
DA:244,0
DA:245,0
DA:251,2
DA:252,2
DA:257,2
DA:259,0
DA:264,1
DA:265,1
DA:266,1
DA:273,1
DA:275,0
DA:280,2
DA:281,2
DA:282,2
DA:283,2
DA:286,2
DA:287,1
DA:288,1
DA:290,1
DA:295,2
DA:296,2
DA:297,2
DA:300,2
DA:301,1
DA:302,1
DA:304,1
DA:329,2
DA:330,2
DA:331,2
DA:333,2
DA:334,1
DA:335,1
DA:336,1
DA:338,0
DA:341,2
DA:343,0
DA:348,1
LF:116
LH:90
BRDA:12,0,0,4
BRDA:12,1,0,4
BRDA:22,2,0,1
BRDA:22,2,1,4
BRDA:27,3,0,1
BRDA:27,3,1,4
BRDA:32,4,0,4
BRDA:32,4,1,1
BRDA:33,5,0,1
BRDA:33,5,1,1
BRDA:33,5,2,1
BRDA:33,5,3,1
BRDA:33,5,4,0
BRDA:74,6,0,1
BRDA:74,6,1,1
BRDA:94,7,0,0
BRDA:94,7,1,1
BRDA:101,8,0,0
BRDA:101,8,1,1
BRDA:107,9,0,0
BRDA:107,9,1,0
BRDA:112,10,0,0
BRDA:112,10,1,0
BRDA:131,11,0,0
BRDA:131,11,1,1
BRDA:133,12,0,0
BRDA:133,12,1,0
BRDA:137,13,0,0
BRDA:137,13,1,0
BRDA:151,14,0,1
BRDA:151,14,1,1
BRDA:171,15,0,0
BRDA:171,15,1,1
BRDA:171,16,0,1
BRDA:171,16,1,1
BRDA:199,17,0,21
BRDA:199,17,1,0
BRDA:200,18,0,21
BRDA:200,18,1,21
BRDA:201,19,0,21
BRDA:201,19,1,0
BRDA:268,20,0,1
BRDA:268,20,1,0
BRDA:269,21,0,1
BRDA:269,21,1,1
BRDA:286,22,0,1
BRDA:286,22,1,1
BRDA:300,23,0,1
BRDA:300,23,1,1
BRDA:333,24,0,1
BRDA:333,24,1,1
BRDA:335,25,0,1
BRDA:335,25,1,0
BRF:53
BRH:36
end_of_record
TN:
SF:controllers\UserController.js
FN:8,(anonymous_0)
FN:43,(anonymous_1)
FN:65,(anonymous_2)
FN:99,(anonymous_3)
FN:110,(anonymous_4)
FN:131,(anonymous_5)
FN:147,(anonymous_6)
FN:167,(anonymous_7)
FN:189,(anonymous_8)
FNF:9
FNH:9
FNDA:4,(anonymous_0)
FNDA:5,(anonymous_1)
FNDA:2,(anonymous_2)
FNDA:1,(anonymous_3)
FNDA:1,(anonymous_4)
FNDA:1,(anonymous_5)
FNDA:3,(anonymous_6)
FNDA:1,(anonymous_7)
FNDA:2,(anonymous_8)
DA:2,1
DA:3,1
DA:4,1
DA:5,1
DA:9,4
DA:20,4
DA:21,4
DA:33,1
DA:39,3
DA:44,5
DA:45,5
DA:46,5
DA:47,1
DA:48,4
DA:49,4
DA:50,2
DA:51,1
DA:52,1
DA:57,1
DA:61,4
DA:66,2
DA:67,2
DA:68,2
DA:69,2
DA:70,2
DA:71,2
DA:72,1
DA:86,2
DA:91,2
DA:95,0
DA:100,1
DA:101,1
DA:104,1
DA:106,0
DA:111,1
DA:113,1
DA:114,1
DA:115,1
DA:124,1
DA:126,0
DA:132,1
DA:133,1
DA:147,1
DA:148,3
DA:149,3
DA:152,3
DA:160,1
DA:162,0
DA:163,0
DA:168,1
DA:169,1
DA:171,1
DA:172,1
DA:173,1
DA:174,1
DA:183,1
DA:185,0
DA:190,2
DA:191,2
DA:192,2
DA:193,2
DA:194,1
DA:195,1
DA:197,1
DA:202,1
LF:65
LH:59
BRDA:46,0,0,1
BRDA:46,0,1,4
BRDA:46,1,0,5
BRDA:46,1,1,4
BRDA:49,2,0,2
BRDA:49,2,1,2
BRDA:50,3,0,1
BRDA:50,3,1,1
BRDA:71,4,0,1
BRDA:71,4,1,1
BRDA:148,5,0,3
BRDA:148,5,1,3
BRDA:149,6,0,1
BRDA:149,6,1,2
BRDA:155,7,0,0
BRDA:155,7,1,3
BRDA:173,8,0,0
BRDA:173,8,1,1
BRDA:193,9,0,1
BRDA:193,9,1,1
BRF:20
BRH:18
end_of_record
TN:
SF:helpers\bcrypt.js
FN:3,(anonymous_0)
FNF:1
FNH:1
FNDA:2,(anonymous_0)
DA:1,1
DA:3,1
DA:4,2
DA:7,1
LF:4
LH:4
BRF:0
BRH:0
end_of_record
TN:
SF:helpers\jwt.js
FN:4,(anonymous_0)
FN:8,(anonymous_1)
FNF:2
FNH:2
FNDA:4,(anonymous_0)
FNDA:22,(anonymous_1)
DA:1,1
DA:2,1
DA:4,1
DA:5,4
DA:8,1
DA:9,22
DA:12,1
LF:7
LH:7
BRDA:2,0,0,1
BRDA:2,0,1,1
BRF:2
BRH:2
end_of_record
TN:
SF:middleware\authentication.js
FN:4,(anonymous_0)
FNF:1
FNH:1
FNDA:23,(anonymous_0)
DA:1,1
DA:2,1
DA:4,1
DA:5,23
DA:6,23
DA:7,23
DA:9,22
DA:10,22
DA:12,22
DA:14,20
DA:15,19
DA:17,19
DA:22,19
DA:24,4
DA:25,2
DA:27,2
DA:32,1
LF:17
LH:17
BRDA:7,0,0,1
BRDA:7,0,1,22
BRDA:10,1,0,0
BRDA:10,1,1,22
BRDA:15,2,0,0
BRDA:15,2,1,19
BRDA:24,3,0,2
BRDA:24,3,1,2
BRDA:24,4,0,4
BRDA:24,4,1,2
BRF:10
BRH:8
end_of_record
TN:
SF:middleware\authorization.js
FN:3,(anonymous_0)
FNF:1
FNH:1
FNDA:3,(anonymous_0)
DA:1,1
DA:3,1
DA:4,3
DA:5,3
DA:6,3
DA:10,3
DA:11,1
DA:12,2
DA:13,1
DA:16,1
DA:19,2
DA:21,2
DA:22,0
DA:25,2
DA:27,1
DA:31,1
LF:16
LH:15
BRDA:10,0,0,1
BRDA:10,0,1,2
BRDA:12,1,0,1
BRDA:12,1,1,1
BRDA:19,2,0,0
BRDA:19,2,1,2
BRDA:21,3,0,0
BRDA:21,3,1,2
BRF:8
BRH:6
end_of_record
TN:
SF:middleware\errorHandler.js
FN:1,(anonymous_0)
FNF:1
FNH:1
FNDA:15,(anonymous_0)
DA:1,1
DA:4,15
DA:5,15
DA:7,15
DA:10,3
DA:11,3
DA:12,3
DA:15,0
DA:16,0
DA:17,0
DA:20,2
DA:21,2
DA:22,2
DA:26,6
DA:27,6
DA:28,6
DA:31,0
DA:32,0
DA:33,0
DA:36,3
DA:37,3
DA:38,3
DA:42,0
DA:43,0
DA:44,0
DA:47,1
DA:48,1
DA:49,1
DA:52,15
DA:55,1
LF:30
LH:21
BRDA:7,0,0,3
BRDA:7,0,1,3
BRDA:7,0,2,0
BRDA:7,0,3,2
BRDA:7,0,4,6
BRDA:7,0,5,6
BRDA:7,0,6,0
BRDA:7,0,7,3
BRDA:7,0,8,0
BRDA:7,0,9,0
BRDA:7,0,10,1
BRDA:21,1,0,2
BRDA:21,1,1,0
BRF:13
BRH:8
end_of_record
TN:
SF:middleware\guardAdmin.js
FN:1,(anonymous_0)
FNF:1
FNH:1
FNDA:4,(anonymous_0)
DA:1,1
DA:2,4
DA:3,4
DA:5,0
DA:8,1
LF:5
LH:4
BRDA:2,0,0,4
BRDA:2,0,1,0
BRDA:2,1,0,4
BRDA:2,1,1,4
BRF:4
BRH:3
end_of_record
TN:
SF:middleware\requestActivity.js
FN:1,(anonymous_0)
FNF:1
FNH:1
FNDA:39,(anonymous_0)
DA:1,1
DA:2,39
DA:3,39
DA:6,1
LF:4
LH:4
BRF:0
BRH:0
end_of_record
TN:
SF:models\dailyplan.js
FN:3,(anonymous_0)
FN:5,(anonymous_1)
FNF:2
FNH:2
FNDA:1,(anonymous_0)
FNDA:1,(anonymous_1)
DA:2,1
DA:3,1
DA:6,1
DA:7,1
DA:8,1
DA:11,1
DA:24,1
LF:7
LH:7
BRF:0
BRH:0
end_of_record
TN:
SF:models\index.js
FN:21,(anonymous_0)
FN:29,(anonymous_1)
FN:34,(anonymous_2)
FNF:3
FNH:3
FNDA:5,(anonymous_0)
FNDA:4,(anonymous_1)
FNDA:4,(anonymous_2)
DA:3,1
DA:4,1
DA:5,1
DA:6,1
DA:7,1
DA:8,1
DA:9,1
DA:10,1
DA:13,1
DA:14,0
DA:16,1
DA:19,1
DA:22,5
DA:30,4
DA:31,4
DA:34,1
DA:35,4
DA:36,4
DA:40,1
DA:41,1
DA:43,1
LF:21
LH:20
BRDA:8,0,0,1
BRDA:8,0,1,0
BRDA:13,1,0,0
BRDA:13,1,1,1
BRDA:23,2,0,5
BRDA:23,2,1,5
BRDA:23,2,2,4
BRDA:23,2,3,4
BRDA:35,3,0,4
BRDA:35,3,1,0
BRF:10
BRH:7
end_of_record
TN:
SF:models\meal.js
FN:3,(anonymous_0)
FN:5,(anonymous_1)
FNF:2
FNH:2
FNDA:1,(anonymous_0)
FNDA:1,(anonymous_1)
DA:2,1
DA:3,1
DA:6,1
DA:9,1
DA:28,1
LF:5
LH:5
BRF:0
BRH:0
end_of_record
TN:
SF:models\user.js
FN:5,(anonymous_0)
FN:7,(anonymous_1)
FN:93,(anonymous_2)
FNF:3
FNH:3
FNDA:1,(anonymous_0)
FNDA:1,(anonymous_1)
FNDA:3,(anonymous_2)
DA:2,1
DA:3,1
DA:5,1
DA:8,1
DA:15,1
DA:94,3
DA:95,3
DA:100,1
LF:8
LH:8
BRF:0
BRH:0
end_of_record
TN:
SF:models\workout.js
FN:3,(anonymous_0)
FN:5,(anonymous_1)
FNF:2
FNH:2
FNDA:1,(anonymous_0)
FNDA:1,(anonymous_1)
DA:2,1
DA:3,1
DA:6,1
DA:9,1
DA:27,1
LF:5
LH:5
BRF:0
BRH:0
end_of_record
